03-Mar-2024 12:59:34.244 INFO [main] org.apache.catalina.core.ApplicationContext.log ContextListener: contextInitialized()
03-Mar-2024 12:59:34.244 INFO [main] org.apache.catalina.core.ApplicationContext.log SessionListener: contextInitialized()
03-Mar-2024 12:59:34.246 INFO [main] org.apache.catalina.core.ApplicationContext.log ContextListener: attributeAdded('StockTicker', 'async.Stockticker@32fe9d0a')
03-Mar-2024 13:06:13.013 INFO [main] org.apache.catalina.core.ApplicationContext.log SessionListener: contextDestroyed()
03-Mar-2024 13:06:13.013 INFO [main] org.apache.catalina.core.ApplicationContext.log ContextListener: contextDestroyed()
03-Mar-2024 13:06:56.262 INFO [main] org.apache.catalina.core.ApplicationContext.log ContextListener: contextInitialized()
03-Mar-2024 13:06:56.262 INFO [main] org.apache.catalina.core.ApplicationContext.log SessionListener: contextInitialized()
03-Mar-2024 13:06:56.265 INFO [main] org.apache.catalina.core.ApplicationContext.log ContextListener: attributeAdded('StockTicker', 'async.Stockticker@7807ac2c')
03-Mar-2024 15:31:44.861 INFO [main] org.apache.catalina.core.ApplicationContext.log ContextListener: contextInitialized()
03-Mar-2024 15:31:44.862 INFO [main] org.apache.catalina.core.ApplicationContext.log SessionListener: contextInitialized()
03-Mar-2024 15:31:44.870 INFO [main] org.apache.catalina.core.ApplicationContext.log ContextListener: attributeAdded('StockTicker', 'async.Stockticker@319dead1')
03-Mar-2024 15:42:42.133 INFO [main] org.apache.catalina.core.ApplicationContext.log SessionListener: contextDestroyed()
03-Mar-2024 15:42:42.134 INFO [main] org.apache.catalina.core.ApplicationContext.log ContextListener: contextDestroyed()
03-Mar-2024 15:43:58.557 INFO [main] org.apache.catalina.core.ApplicationContext.log ContextListener: contextInitialized()
03-Mar-2024 15:43:58.557 INFO [main] org.apache.catalina.core.ApplicationContext.log SessionListener: contextInitialized()
03-Mar-2024 15:43:58.560 INFO [main] org.apache.catalina.core.ApplicationContext.log ContextListener: attributeAdded('StockTicker', 'async.Stockticker@64da2a7')
03-Mar-2024 15:54:09.184 INFO [main] org.apache.catalina.core.ApplicationContext.log SessionListener: contextDestroyed()
03-Mar-2024 15:54:09.184 INFO [main] org.apache.catalina.core.ApplicationContext.log ContextListener: contextDestroyed()
03-Mar-2024 15:55:22.443 INFO [main] org.apache.catalina.core.ApplicationContext.log ContextListener: contextInitialized()
03-Mar-2024 15:55:22.443 INFO [main] org.apache.catalina.core.ApplicationContext.log SessionListener: contextInitialized()
03-Mar-2024 15:55:22.446 INFO [main] org.apache.catalina.core.ApplicationContext.log ContextListener: attributeAdded('StockTicker', 'async.Stockticker@64da2a7')
03-Mar-2024 16:24:42.706 INFO [main] org.apache.catalina.core.ApplicationContext.log SessionListener: contextDestroyed()
03-Mar-2024 16:24:42.706 INFO [main] org.apache.catalina.core.ApplicationContext.log ContextListener: contextDestroyed()
