11-Mar-2024 12:53:21.519 INFO [http-nio-8080-exec-5] org.apache.catalina.core.ApplicationContext.log Manager: init: Associated with Deployer 'Catalina:type=Deployer,host=localhost'
11-Mar-2024 12:53:21.520 INFO [http-nio-8080-exec-5] org.apache.catalina.core.ApplicationContext.log Manager: init: Global resources are available
11-Mar-2024 12:53:21.585 INFO [http-nio-8080-exec-9] org.apache.catalina.core.ApplicationContext.log Manager: list: Listing contexts for virtual host 'localhost'
11-Mar-2024 12:53:21.595 INFO [http-nio-8080-exec-1] org.apache.catalina.core.ApplicationContext.log Manager: list: Listing contexts for virtual host 'localhost'
11-Mar-2024 12:53:21.649 INFO [http-nio-8080-exec-4] org.apache.catalina.core.ApplicationContext.log Manager: stop: Stopping web application '/agenda'
11-Mar-2024 12:53:21.703 INFO [http-nio-8080-exec-1] org.apache.catalina.core.ApplicationContext.log Manager: start: Starting web application '/agenda'
11-Mar-2024 12:55:17.056 INFO [http-nio-8080-exec-15] org.apache.catalina.core.ApplicationContext.log Manager: list: Listing contexts for virtual host 'localhost'
11-Mar-2024 12:55:17.084 INFO [http-nio-8080-exec-11] org.apache.catalina.core.ApplicationContext.log Manager: restart: Reloading web application '/agenda'
11-Mar-2024 12:59:04.607 INFO [http-nio-8080-exec-22] org.apache.catalina.core.ApplicationContext.log Manager: list: Listing contexts for virtual host 'localhost'
11-Mar-2024 12:59:04.649 INFO [http-nio-8080-exec-18] org.apache.catalina.core.ApplicationContext.log Manager: restart: Reloading web application '/agenda'
11-Mar-2024 13:01:03.055 INFO [http-nio-8080-exec-21] org.apache.catalina.core.ApplicationContext.log Manager: list: Listing contexts for virtual host 'localhost'
11-Mar-2024 13:01:03.070 INFO [http-nio-8080-exec-22] org.apache.catalina.core.ApplicationContext.log Manager: restart: Reloading web application '/agenda'
11-Mar-2024 13:01:35.330 INFO [http-nio-8080-exec-18] org.apache.catalina.core.ApplicationContext.log Manager: list: Listing contexts for virtual host 'localhost'
11-Mar-2024 13:01:35.339 INFO [http-nio-8080-exec-30] org.apache.catalina.core.ApplicationContext.log Manager: restart: Reloading web application '/agenda'
11-Mar-2024 13:02:09.047 INFO [http-nio-8080-exec-25] org.apache.catalina.core.ApplicationContext.log Manager: list: Listing contexts for virtual host 'localhost'
11-Mar-2024 13:02:09.058 INFO [http-nio-8080-exec-28] org.apache.catalina.core.ApplicationContext.log Manager: restart: Reloading web application '/agenda'
11-Mar-2024 13:03:19.683 INFO [http-nio-8080-exec-32] org.apache.catalina.core.ApplicationContext.log Manager: list: Listing contexts for virtual host 'localhost'
11-Mar-2024 13:03:19.692 INFO [http-nio-8080-exec-27] org.apache.catalina.core.ApplicationContext.log Manager: restart: Reloading web application '/agenda'
11-Mar-2024 13:04:00.783 INFO [http-nio-8080-exec-34] org.apache.catalina.core.ApplicationContext.log Manager: list: Listing contexts for virtual host 'localhost'
11-Mar-2024 13:04:00.809 INFO [http-nio-8080-exec-34] org.apache.catalina.core.ApplicationContext.log Manager: restart: Reloading web application '/agenda'
11-Mar-2024 13:05:07.825 INFO [http-nio-8080-exec-30] org.apache.catalina.core.ApplicationContext.log Manager: list: Listing contexts for virtual host 'localhost'
11-Mar-2024 13:05:07.833 INFO [http-nio-8080-exec-36] org.apache.catalina.core.ApplicationContext.log Manager: restart: Reloading web application '/agenda'
11-Mar-2024 13:07:54.531 INFO [http-nio-8080-exec-38] org.apache.catalina.core.ApplicationContext.log Manager: list: Listing contexts for virtual host 'localhost'
11-Mar-2024 13:08:29.130 INFO [http-nio-8080-exec-46] org.apache.catalina.core.ApplicationContext.log Manager: list: Listing contexts for virtual host 'localhost'
11-Mar-2024 13:10:09.427 INFO [http-nio-8080-exec-39] org.apache.catalina.core.ApplicationContext.log Manager: list: Listing contexts for virtual host 'localhost'
11-Mar-2024 13:16:07.730 INFO [http-nio-8080-exec-43] org.apache.catalina.core.ApplicationContext.log Manager: list: Listing contexts for virtual host 'localhost'
11-Mar-2024 13:26:50.579 INFO [http-nio-8080-exec-39] org.apache.catalina.core.ApplicationContext.log Manager: list: Listing contexts for virtual host 'localhost'
11-Mar-2024 13:26:50.586 INFO [http-nio-8080-exec-38] org.apache.catalina.core.ApplicationContext.log Manager: restart: Reloading web application '/agenda'
11-Mar-2024 13:26:53.151 INFO [http-nio-8080-exec-39] org.apache.catalina.core.ApplicationContext.log Manager: list: Listing contexts for virtual host 'localhost'
11-Mar-2024 13:26:53.160 INFO [http-nio-8080-exec-47] org.apache.catalina.core.ApplicationContext.log Manager: restart: Reloading web application '/agenda'
11-Mar-2024 13:29:42.867 INFO [http-nio-8080-exec-49] org.apache.catalina.core.ApplicationContext.log Manager: list: Listing contexts for virtual host 'localhost'
11-Mar-2024 13:30:42.848 INFO [http-nio-8080-exec-50] org.apache.catalina.core.ApplicationContext.log Manager: list: Listing contexts for virtual host 'localhost'
11-Mar-2024 13:30:52.990 INFO [http-nio-8080-exec-39] org.apache.catalina.core.ApplicationContext.log Manager: list: Listing contexts for virtual host 'localhost'
11-Mar-2024 13:31:08.036 INFO [http-nio-8080-exec-47] org.apache.catalina.core.ApplicationContext.log Manager: list: Listing contexts for virtual host 'localhost'
11-Mar-2024 13:31:30.353 INFO [http-nio-8080-exec-56] org.apache.catalina.core.ApplicationContext.log Manager: list: Listing contexts for virtual host 'localhost'
11-Mar-2024 13:31:59.881 INFO [http-nio-8080-exec-58] org.apache.catalina.core.ApplicationContext.log Manager: list: Listing contexts for virtual host 'localhost'
11-Mar-2024 13:32:05.999 INFO [http-nio-8080-exec-55] org.apache.catalina.core.ApplicationContext.log Manager: list: Listing contexts for virtual host 'localhost'
11-Mar-2024 13:32:15.421 INFO [http-nio-8080-exec-54] org.apache.catalina.core.ApplicationContext.log Manager: list: Listing contexts for virtual host 'localhost'
11-Mar-2024 13:33:11.738 INFO [http-nio-8080-exec-50] org.apache.catalina.core.ApplicationContext.log Manager: list: Listing contexts for virtual host 'localhost'
11-Mar-2024 13:33:43.937 INFO [http-nio-8080-exec-53] org.apache.catalina.core.ApplicationContext.log Manager: list: Listing contexts for virtual host 'localhost'
11-Mar-2024 13:34:16.932 INFO [http-nio-8080-exec-58] org.apache.catalina.core.ApplicationContext.log Manager: list: Listing contexts for virtual host 'localhost'
11-Mar-2024 13:34:23.095 INFO [http-nio-8080-exec-50] org.apache.catalina.core.ApplicationContext.log Manager: list: Listing contexts for virtual host 'localhost'
11-Mar-2024 13:34:35.148 INFO [http-nio-8080-exec-57] org.apache.catalina.core.ApplicationContext.log Manager: list: Listing contexts for virtual host 'localhost'
11-Mar-2024 13:34:49.644 INFO [http-nio-8080-exec-51] org.apache.catalina.core.ApplicationContext.log Manager: list: Listing contexts for virtual host 'localhost'
11-Mar-2024 13:35:17.205 INFO [http-nio-8080-exec-50] org.apache.catalina.core.ApplicationContext.log Manager: list: Listing contexts for virtual host 'localhost'
11-Mar-2024 13:35:24.091 INFO [http-nio-8080-exec-53] org.apache.catalina.core.ApplicationContext.log Manager: list: Listing contexts for virtual host 'localhost'
11-Mar-2024 13:36:41.014 INFO [http-nio-8080-exec-57] org.apache.catalina.core.ApplicationContext.log Manager: list: Listing contexts for virtual host 'localhost'
11-Mar-2024 13:37:15.724 INFO [http-nio-8080-exec-50] org.apache.catalina.core.ApplicationContext.log Manager: list: Listing contexts for virtual host 'localhost'
11-Mar-2024 13:37:30.745 INFO [http-nio-8080-exec-57] org.apache.catalina.core.ApplicationContext.log Manager: list: Listing contexts for virtual host 'localhost'
11-Mar-2024 13:38:08.347 INFO [http-nio-8080-exec-54] org.apache.catalina.core.ApplicationContext.log Manager: list: Listing contexts for virtual host 'localhost'
11-Mar-2024 13:38:27.403 INFO [http-nio-8080-exec-53] org.apache.catalina.core.ApplicationContext.log Manager: list: Listing contexts for virtual host 'localhost'
11-Mar-2024 13:39:49.116 INFO [http-nio-8080-exec-57] org.apache.catalina.core.ApplicationContext.log Manager: list: Listing contexts for virtual host 'localhost'
11-Mar-2024 13:40:25.112 INFO [http-nio-8080-exec-50] org.apache.catalina.core.ApplicationContext.log Manager: list: Listing contexts for virtual host 'localhost'
11-Mar-2024 13:40:25.124 INFO [http-nio-8080-exec-59] org.apache.catalina.core.ApplicationContext.log Manager: stop: Stopping web application '/agenda'
11-Mar-2024 13:40:25.138 INFO [http-nio-8080-exec-50] org.apache.catalina.core.ApplicationContext.log Manager: start: Starting web application '/agenda'
11-Mar-2024 13:41:59.078 INFO [http-nio-8080-exec-58] org.apache.catalina.core.ApplicationContext.log Manager: list: Listing contexts for virtual host 'localhost'
11-Mar-2024 13:41:59.083 INFO [http-nio-8080-exec-50] org.apache.catalina.core.ApplicationContext.log Manager: restart: Reloading web application '/agenda'
11-Mar-2024 13:43:21.708 INFO [http-nio-8080-exec-53] org.apache.catalina.core.ApplicationContext.log Manager: list: Listing contexts for virtual host 'localhost'
11-Mar-2024 13:43:21.715 INFO [http-nio-8080-exec-56] org.apache.catalina.core.ApplicationContext.log Manager: restart: Reloading web application '/agenda'
11-Mar-2024 13:44:49.033 INFO [http-nio-8080-exec-50] org.apache.catalina.core.ApplicationContext.log Manager: list: Listing contexts for virtual host 'localhost'
11-Mar-2024 13:44:49.038 INFO [http-nio-8080-exec-64] org.apache.catalina.core.ApplicationContext.log Manager: restart: Reloading web application '/agenda'
11-Mar-2024 13:44:58.553 INFO [http-nio-8080-exec-64] org.apache.catalina.core.ApplicationContext.log Manager: list: Listing contexts for virtual host 'localhost'
11-Mar-2024 13:44:58.559 INFO [http-nio-8080-exec-50] org.apache.catalina.core.ApplicationContext.log Manager: restart: Reloading web application '/agenda'
11-Mar-2024 13:45:12.603 INFO [http-nio-8080-exec-66] org.apache.catalina.core.ApplicationContext.log Manager: list: Listing contexts for virtual host 'localhost'
11-Mar-2024 13:45:12.610 INFO [http-nio-8080-exec-51] org.apache.catalina.core.ApplicationContext.log Manager: restart: Reloading web application '/agenda'
11-Mar-2024 13:46:01.327 INFO [http-nio-8080-exec-66] org.apache.catalina.core.ApplicationContext.log Manager: list: Listing contexts for virtual host 'localhost'
11-Mar-2024 13:46:01.334 INFO [http-nio-8080-exec-56] org.apache.catalina.core.ApplicationContext.log Manager: restart: Reloading web application '/agenda'
11-Mar-2024 14:00:51.436 INFO [http-nio-8080-exec-71] org.apache.catalina.core.ApplicationContext.log Manager: list: Listing contexts for virtual host 'localhost'
11-Mar-2024 14:00:51.444 INFO [http-nio-8080-exec-72] org.apache.catalina.core.ApplicationContext.log Manager: restart: Reloading web application '/agenda'
11-Mar-2024 14:01:07.906 INFO [http-nio-8080-exec-78] org.apache.catalina.core.ApplicationContext.log Manager: list: Listing contexts for virtual host 'localhost'
11-Mar-2024 14:01:07.928 INFO [http-nio-8080-exec-73] org.apache.catalina.core.ApplicationContext.log Manager: restart: Reloading web application '/agenda'
11-Mar-2024 14:02:31.270 INFO [http-nio-8080-exec-78] org.apache.catalina.core.ApplicationContext.log Manager: list: Listing contexts for virtual host 'localhost'
11-Mar-2024 14:02:31.277 INFO [http-nio-8080-exec-74] org.apache.catalina.core.ApplicationContext.log Manager: restart: Reloading web application '/agenda'
11-Mar-2024 14:02:53.981 INFO [http-nio-8080-exec-83] org.apache.catalina.core.ApplicationContext.log Manager: list: Listing contexts for virtual host 'localhost'
11-Mar-2024 14:02:53.986 INFO [http-nio-8080-exec-76] org.apache.catalina.core.ApplicationContext.log Manager: restart: Reloading web application '/agenda'
11-Mar-2024 14:03:35.528 INFO [http-nio-8080-exec-78] org.apache.catalina.core.ApplicationContext.log Manager: list: Listing contexts for virtual host 'localhost'
11-Mar-2024 14:03:35.534 INFO [http-nio-8080-exec-70] org.apache.catalina.core.ApplicationContext.log Manager: restart: Reloading web application '/agenda'
11-Mar-2024 14:07:15.785 INFO [http-nio-8080-exec-78] org.apache.catalina.core.ApplicationContext.log Manager: list: Listing contexts for virtual host 'localhost'
11-Mar-2024 14:07:15.791 INFO [http-nio-8080-exec-82] org.apache.catalina.core.ApplicationContext.log Manager: restart: Reloading web application '/agenda'
11-Mar-2024 14:07:59.510 INFO [http-nio-8080-exec-86] org.apache.catalina.core.ApplicationContext.log Manager: list: Listing contexts for virtual host 'localhost'
11-Mar-2024 14:07:59.515 INFO [http-nio-8080-exec-82] org.apache.catalina.core.ApplicationContext.log Manager: restart: Reloading web application '/agenda'
11-Mar-2024 14:08:13.298 INFO [http-nio-8080-exec-86] org.apache.catalina.core.ApplicationContext.log Manager: list: Listing contexts for virtual host 'localhost'
11-Mar-2024 14:08:13.307 INFO [http-nio-8080-exec-78] org.apache.catalina.core.ApplicationContext.log Manager: restart: Reloading web application '/agenda'
11-Mar-2024 14:08:29.773 INFO [http-nio-8080-exec-80] org.apache.catalina.core.ApplicationContext.log Manager: list: Listing contexts for virtual host 'localhost'
11-Mar-2024 14:11:20.390 INFO [http-nio-8080-exec-93] org.apache.catalina.core.ApplicationContext.log Manager: list: Listing contexts for virtual host 'localhost'
11-Mar-2024 14:11:20.398 INFO [http-nio-8080-exec-97] org.apache.catalina.core.ApplicationContext.log Manager: restart: Reloading web application '/agenda'
11-Mar-2024 14:11:33.086 INFO [http-nio-8080-exec-96] org.apache.catalina.core.ApplicationContext.log Manager: list: Listing contexts for virtual host 'localhost'
11-Mar-2024 14:11:33.093 INFO [http-nio-8080-exec-98] org.apache.catalina.core.ApplicationContext.log Manager: restart: Reloading web application '/agenda'
11-Mar-2024 14:11:46.169 INFO [http-nio-8080-exec-96] org.apache.catalina.core.ApplicationContext.log Manager: list: Listing contexts for virtual host 'localhost'
11-Mar-2024 14:11:46.174 INFO [http-nio-8080-exec-101] org.apache.catalina.core.ApplicationContext.log Manager: restart: Reloading web application '/agenda'
11-Mar-2024 14:12:18.467 INFO [http-nio-8080-exec-101] org.apache.catalina.core.ApplicationContext.log Manager: list: Listing contexts for virtual host 'localhost'
11-Mar-2024 14:12:18.475 INFO [http-nio-8080-exec-100] org.apache.catalina.core.ApplicationContext.log Manager: restart: Reloading web application '/agenda'
11-Mar-2024 14:12:35.727 INFO [http-nio-8080-exec-96] org.apache.catalina.core.ApplicationContext.log Manager: list: Listing contexts for virtual host 'localhost'
11-Mar-2024 14:12:35.733 INFO [http-nio-8080-exec-98] org.apache.catalina.core.ApplicationContext.log Manager: restart: Reloading web application '/agenda'
11-Mar-2024 14:15:12.797 INFO [http-nio-8080-exec-90] org.apache.catalina.core.ApplicationContext.log Manager: list: Listing contexts for virtual host 'localhost'
11-Mar-2024 14:15:12.801 INFO [http-nio-8080-exec-97] org.apache.catalina.core.ApplicationContext.log Manager: restart: Reloading web application '/agenda'
11-Mar-2024 14:15:42.765 INFO [http-nio-8080-exec-109] org.apache.catalina.core.ApplicationContext.log Manager: list: Listing contexts for virtual host 'localhost'
11-Mar-2024 14:15:42.775 INFO [http-nio-8080-exec-97] org.apache.catalina.core.ApplicationContext.log Manager: restart: Reloading web application '/agenda'
11-Mar-2024 14:16:40.942 INFO [http-nio-8080-exec-110] org.apache.catalina.core.ApplicationContext.log Manager: list: Listing contexts for virtual host 'localhost'
11-Mar-2024 14:16:40.948 INFO [http-nio-8080-exec-97] org.apache.catalina.core.ApplicationContext.log Manager: restart: Reloading web application '/agenda'
11-Mar-2024 14:17:26.895 INFO [http-nio-8080-exec-98] org.apache.catalina.core.ApplicationContext.log Manager: list: Listing contexts for virtual host 'localhost'
11-Mar-2024 14:17:26.900 INFO [http-nio-8080-exec-103] org.apache.catalina.core.ApplicationContext.log Manager: restart: Reloading web application '/agenda'
11-Mar-2024 14:18:12.405 INFO [http-nio-8080-exec-103] org.apache.catalina.core.ApplicationContext.log Manager: list: Listing contexts for virtual host 'localhost'
11-Mar-2024 14:18:12.409 INFO [http-nio-8080-exec-112] org.apache.catalina.core.ApplicationContext.log Manager: restart: Reloading web application '/agenda'
11-Mar-2024 14:19:05.191 INFO [http-nio-8080-exec-109] org.apache.catalina.core.ApplicationContext.log Manager: list: Listing contexts for virtual host 'localhost'
11-Mar-2024 14:19:05.198 INFO [http-nio-8080-exec-105] org.apache.catalina.core.ApplicationContext.log Manager: restart: Reloading web application '/agenda'
11-Mar-2024 14:19:23.658 INFO [http-nio-8080-exec-105] org.apache.catalina.core.ApplicationContext.log Manager: list: Listing contexts for virtual host 'localhost'
11-Mar-2024 14:19:23.669 INFO [http-nio-8080-exec-108] org.apache.catalina.core.ApplicationContext.log Manager: restart: Reloading web application '/agenda'
11-Mar-2024 14:23:38.480 INFO [http-nio-8080-exec-122] org.apache.catalina.core.ApplicationContext.log Manager: list: Listing contexts for virtual host 'localhost'
11-Mar-2024 14:23:38.486 INFO [http-nio-8080-exec-123] org.apache.catalina.core.ApplicationContext.log Manager: restart: Reloading web application '/agenda'
11-Mar-2024 14:25:52.521 INFO [http-nio-8080-exec-127] org.apache.catalina.core.ApplicationContext.log Manager: list: Listing contexts for virtual host 'localhost'
11-Mar-2024 14:29:14.044 INFO [http-nio-8080-exec-128] org.apache.catalina.core.ApplicationContext.log Manager: list: Listing contexts for virtual host 'localhost'
11-Mar-2024 14:29:46.615 INFO [http-nio-8080-exec-135] org.apache.catalina.core.ApplicationContext.log Manager: list: Listing contexts for virtual host 'localhost'
11-Mar-2024 14:49:39.973 INFO [http-nio-8080-exec-129] org.apache.catalina.core.ApplicationContext.log Manager: list: Listing contexts for virtual host 'localhost'
11-Mar-2024 14:50:52.868 INFO [http-nio-8080-exec-131] org.apache.catalina.core.ApplicationContext.log Manager: list: Listing contexts for virtual host 'localhost'
11-Mar-2024 14:51:16.275 INFO [http-nio-8080-exec-135] org.apache.catalina.core.ApplicationContext.log Manager: list: Listing contexts for virtual host 'localhost'
11-Mar-2024 14:55:31.765 INFO [http-nio-8080-exec-130] org.apache.catalina.core.ApplicationContext.log Manager: list: Listing contexts for virtual host 'localhost'
11-Mar-2024 14:55:31.774 INFO [http-nio-8080-exec-134] org.apache.catalina.core.ApplicationContext.log Manager: restart: Reloading web application '/agenda'
11-Mar-2024 14:56:22.246 INFO [http-nio-8080-exec-131] org.apache.catalina.core.ApplicationContext.log Manager: list: Listing contexts for virtual host 'localhost'
11-Mar-2024 14:56:22.251 INFO [http-nio-8080-exec-136] org.apache.catalina.core.ApplicationContext.log Manager: restart: Reloading web application '/agenda'
11-Mar-2024 14:58:16.467 INFO [http-nio-8080-exec-139] org.apache.catalina.core.ApplicationContext.log Manager: list: Listing contexts for virtual host 'localhost'
11-Mar-2024 14:58:16.472 INFO [http-nio-8080-exec-136] org.apache.catalina.core.ApplicationContext.log Manager: restart: Reloading web application '/agenda'
