01-Mar-2024 13:08:54.854 INFO [main] org.apache.catalina.startup.VersionLoggerListener.log Server version name:   Apache Tomcat/10.1.15
01-Mar-2024 13:08:54.862 INFO [main] org.apache.catalina.startup.VersionLoggerListener.log Server built:          Oct 11 2023 23:38:40 UTC
01-Mar-2024 13:08:54.863 INFO [main] org.apache.catalina.startup.VersionLoggerListener.log Server version number: 10.1.15.0
01-Mar-2024 13:08:54.863 INFO [main] org.apache.catalina.startup.VersionLoggerListener.log OS Name:               Windows 10
01-Mar-2024 13:08:54.863 INFO [main] org.apache.catalina.startup.VersionLoggerListener.log OS Version:            10.0
01-Mar-2024 13:08:54.863 INFO [main] org.apache.catalina.startup.VersionLoggerListener.log Architecture:          amd64
01-Mar-2024 13:08:54.864 INFO [main] org.apache.catalina.startup.VersionLoggerListener.log Java Home:             E:\Java
01-Mar-2024 13:08:54.864 INFO [main] org.apache.catalina.startup.VersionLoggerListener.log JVM Version:           21.0.2+13-LTS-58
01-Mar-2024 13:08:54.864 INFO [main] org.apache.catalina.startup.VersionLoggerListener.log JVM Vendor:            Oracle Corporation
01-Mar-2024 13:08:54.865 INFO [main] org.apache.catalina.startup.VersionLoggerListener.log CATALINA_BASE:         E:\Linguagens\Java WEB\apache-tomcat-10.1.15
01-Mar-2024 13:08:54.865 INFO [main] org.apache.catalina.startup.VersionLoggerListener.log CATALINA_HOME:         E:\Linguagens\Java WEB\apache-tomcat-10.1.15
01-Mar-2024 13:08:54.881 INFO [main] org.apache.catalina.startup.VersionLoggerListener.log Command line argument: -Djava.util.logging.config.file=E:\Linguagens\Java WEB\apache-tomcat-10.1.15\conf\logging.properties
01-Mar-2024 13:08:54.881 INFO [main] org.apache.catalina.startup.VersionLoggerListener.log Command line argument: -Djava.util.logging.manager=org.apache.juli.ClassLoaderLogManager
01-Mar-2024 13:08:54.882 INFO [main] org.apache.catalina.startup.VersionLoggerListener.log Command line argument: -Djdk.tls.ephemeralDHKeySize=2048
01-Mar-2024 13:08:54.882 INFO [main] org.apache.catalina.startup.VersionLoggerListener.log Command line argument: -Djava.protocol.handler.pkgs=org.apache.catalina.webresources
01-Mar-2024 13:08:54.882 INFO [main] org.apache.catalina.startup.VersionLoggerListener.log Command line argument: --add-opens=java.base/java.lang=ALL-UNNAMED
01-Mar-2024 13:08:54.882 INFO [main] org.apache.catalina.startup.VersionLoggerListener.log Command line argument: --add-opens=java.base/java.io=ALL-UNNAMED
01-Mar-2024 13:08:54.882 INFO [main] org.apache.catalina.startup.VersionLoggerListener.log Command line argument: --add-opens=java.base/java.util=ALL-UNNAMED
01-Mar-2024 13:08:54.882 INFO [main] org.apache.catalina.startup.VersionLoggerListener.log Command line argument: --add-opens=java.base/java.util.concurrent=ALL-UNNAMED
01-Mar-2024 13:08:54.882 INFO [main] org.apache.catalina.startup.VersionLoggerListener.log Command line argument: --add-opens=java.rmi/sun.rmi.transport=ALL-UNNAMED
01-Mar-2024 13:08:54.883 INFO [main] org.apache.catalina.startup.VersionLoggerListener.log Command line argument: -Dcatalina.base=E:\Linguagens\Java WEB\apache-tomcat-10.1.15
01-Mar-2024 13:08:54.883 INFO [main] org.apache.catalina.startup.VersionLoggerListener.log Command line argument: -Dcatalina.home=E:\Linguagens\Java WEB\apache-tomcat-10.1.15
01-Mar-2024 13:08:54.883 INFO [main] org.apache.catalina.startup.VersionLoggerListener.log Command line argument: -Djava.io.tmpdir=E:\Linguagens\Java WEB\apache-tomcat-10.1.15\temp
01-Mar-2024 13:08:54.894 INFO [main] org.apache.catalina.core.AprLifecycleListener.lifecycleEvent The Apache Tomcat Native library which allows using OpenSSL was not found on the java.library.path: [E:\Java\bin;C:\WINDOWS\Sun\Java\bin;C:\WINDOWS\system32;C:\WINDOWS;C:\Program Files\Common Files\Oracle\Java\javapath;E:\Java\bin;C:\Program Files (x86)\Common Files\Oracle\Java\javapath;C:\Program Files (x86)\Intel\iCLS Client\;C:\Program Files\Intel\iCLS Client\;C:\WINDOWS\system32;C:\WINDOWS;C:\WINDOWS\System32\Wbem;C:\WINDOWS\System32\WindowsPowerShell\v1.0\;C:\Program Files\NVIDIA Corporation\NVIDIA NvDLISR;C:\Program Files (x86)\NVIDIA Corporation\PhysX\Common;C:\Program Files (x86)\Intel\Intel(R) Management Engine Components\DAL;C:\Program Files\Intel\Intel(R) Management Engine Components\DAL;C:\Program Files (x86)\Intel\Intel(R) Management Engine Components\IPT;C:\Program Files\Intel\Intel(R) Management Engine Components\IPT;C:\WINDOWS\System32\OpenSSH\;E:\Java\Java JDK\bin;E:\Git\cmd;C:\Users\Airosa\.console-ninja\.bin;C:\Users\Airosa\AppData\Local\Microsoft\WindowsApps;E:\Microsoft VS Code\bin;.]
01-Mar-2024 13:08:55.400 INFO [main] org.apache.coyote.AbstractProtocol.init Initializing ProtocolHandler ["http-nio-8080"]
01-Mar-2024 13:08:55.436 INFO [main] org.apache.catalina.startup.Catalina.load Server initialization in [919] milliseconds
01-Mar-2024 13:08:55.559 INFO [main] org.apache.catalina.core.StandardService.startInternal Starting service [Catalina]
01-Mar-2024 13:08:55.559 INFO [main] org.apache.catalina.core.StandardEngine.startInternal Starting Servlet engine: [Apache Tomcat/10.1.15]
01-Mar-2024 13:08:55.573 INFO [main] org.apache.catalina.startup.HostConfig.deployDescriptor Deploying deployment descriptor [E:\Linguagens\Java WEB\apache-tomcat-10.1.15\conf\Catalina\localhost\HelloTomcat.xml]
01-Mar-2024 13:08:55.667 WARNING [main] org.apache.catalina.startup.HostConfig.deployDescriptor The path attribute with value [/HelloTomcat] in deployment descriptor [E:\Linguagens\Java WEB\apache-tomcat-10.1.15\conf\Catalina\localhost\HelloTomcat.xml] has been ignored
01-Mar-2024 13:08:55.804 SEVERE [main] org.apache.catalina.startup.HostConfig.deployDescriptor Error deploying deployment descriptor [E:\Linguagens\Java WEB\apache-tomcat-10.1.15\conf\Catalina\localhost\HelloTomcat.xml]
	java.lang.IllegalStateException: Error starting child
		at org.apache.catalina.core.ContainerBase.addChildInternal(ContainerBase.java:686)
		at org.apache.catalina.core.ContainerBase.addChild(ContainerBase.java:658)
		at org.apache.catalina.core.StandardHost.addChild(StandardHost.java:712)
		at org.apache.catalina.startup.HostConfig.deployDescriptor(HostConfig.java:641)
		at org.apache.catalina.startup.HostConfig$DeployDescriptor.run(HostConfig.java:1930)
		at java.base/java.util.concurrent.Executors$RunnableAdapter.call(Executors.java:572)
		at java.base/java.util.concurrent.FutureTask.run(FutureTask.java:317)
		at org.apache.tomcat.util.threads.InlineExecutorService.execute(InlineExecutorService.java:75)
		at java.base/java.util.concurrent.AbstractExecutorService.submit(AbstractExecutorService.java:123)
		at org.apache.catalina.startup.HostConfig.deployDescriptors(HostConfig.java:534)
		at org.apache.catalina.startup.HostConfig.deployApps(HostConfig.java:424)
		at org.apache.catalina.startup.HostConfig.start(HostConfig.java:1659)
		at org.apache.catalina.startup.HostConfig.lifecycleEvent(HostConfig.java:309)
		at org.apache.catalina.util.LifecycleBase.fireLifecycleEvent(LifecycleBase.java:114)
		at org.apache.catalina.util.LifecycleBase.setStateInternal(LifecycleBase.java:402)
		at org.apache.catalina.util.LifecycleBase.setState(LifecycleBase.java:345)
		at org.apache.catalina.core.ContainerBase.startInternal(ContainerBase.java:893)
		at org.apache.catalina.core.StandardHost.startInternal(StandardHost.java:845)
		at org.apache.catalina.util.LifecycleBase.start(LifecycleBase.java:171)
		at org.apache.catalina.core.ContainerBase$StartChild.call(ContainerBase.java:1332)
		at org.apache.catalina.core.ContainerBase$StartChild.call(ContainerBase.java:1322)
		at java.base/java.util.concurrent.FutureTask.run(FutureTask.java:317)
		at org.apache.tomcat.util.threads.InlineExecutorService.execute(InlineExecutorService.java:75)
		at java.base/java.util.concurrent.AbstractExecutorService.submit(AbstractExecutorService.java:145)
		at org.apache.catalina.core.ContainerBase.startInternal(ContainerBase.java:866)
		at org.apache.catalina.core.StandardEngine.startInternal(StandardEngine.java:240)
		at org.apache.catalina.util.LifecycleBase.start(LifecycleBase.java:171)
		at org.apache.catalina.core.StandardService.startInternal(StandardService.java:433)
		at org.apache.catalina.util.LifecycleBase.start(LifecycleBase.java:171)
		at org.apache.catalina.core.StandardServer.startInternal(StandardServer.java:917)
		at org.apache.catalina.util.LifecycleBase.start(LifecycleBase.java:171)
		at org.apache.catalina.startup.Catalina.start(Catalina.java:795)
		at java.base/jdk.internal.reflect.DirectMethodHandleAccessor.invoke(DirectMethodHandleAccessor.java:103)
		at java.base/java.lang.reflect.Method.invoke(Method.java:580)
		at org.apache.catalina.startup.Bootstrap.start(Bootstrap.java:347)
		at org.apache.catalina.startup.Bootstrap.main(Bootstrap.java:478)
	Caused by: org.apache.catalina.LifecycleException: Failed to start component [org.apache.catalina.webresources.StandardRoot@560348e6]
		at org.apache.catalina.util.LifecycleBase.handleSubClassException(LifecycleBase.java:419)
		at org.apache.catalina.util.LifecycleBase.start(LifecycleBase.java:186)
		at org.apache.catalina.core.StandardContext.resourcesStart(StandardContext.java:4535)
		at org.apache.catalina.core.StandardContext.startInternal(StandardContext.java:4668)
		at org.apache.catalina.util.LifecycleBase.start(LifecycleBase.java:171)
		at org.apache.catalina.core.ContainerBase.addChildInternal(ContainerBase.java:683)
		... 35 more
	Caused by: java.lang.IllegalArgumentException: The main resource set specified [C:\Users\airos\Desktop\Linguagens\Java WEB\HelloTomcat\build\web] is not a directory or war file, or is not readable (it does not exist or permissions to access it are missing)
		at org.apache.catalina.webresources.StandardRoot.createMainResourceSet(StandardRoot.java:749)
		at org.apache.catalina.webresources.StandardRoot.startInternal(StandardRoot.java:707)
		at org.apache.catalina.util.LifecycleBase.start(LifecycleBase.java:171)
		... 39 more
01-Mar-2024 13:08:55.830 INFO [main] org.apache.catalina.startup.HostConfig.deployDescriptor Deployment of deployment descriptor [E:\Linguagens\Java WEB\apache-tomcat-10.1.15\conf\Catalina\localhost\HelloTomcat.xml] has finished in [253] ms
01-Mar-2024 13:08:55.830 INFO [main] org.apache.catalina.startup.HostConfig.deployDescriptor Deploying deployment descriptor [E:\Linguagens\Java WEB\apache-tomcat-10.1.15\conf\Catalina\localhost\Hello_Servlet.xml]
01-Mar-2024 13:08:55.876 WARNING [main] org.apache.catalina.startup.HostConfig.deployDescriptor The path attribute with value [/Hello_Servlet] in deployment descriptor [E:\Linguagens\Java WEB\apache-tomcat-10.1.15\conf\Catalina\localhost\Hello_Servlet.xml] has been ignored
01-Mar-2024 13:08:55.887 SEVERE [main] org.apache.catalina.startup.HostConfig.deployDescriptor Error deploying deployment descriptor [E:\Linguagens\Java WEB\apache-tomcat-10.1.15\conf\Catalina\localhost\Hello_Servlet.xml]
	java.lang.IllegalStateException: Error starting child
		at org.apache.catalina.core.ContainerBase.addChildInternal(ContainerBase.java:686)
		at org.apache.catalina.core.ContainerBase.addChild(ContainerBase.java:658)
		at org.apache.catalina.core.StandardHost.addChild(StandardHost.java:712)
		at org.apache.catalina.startup.HostConfig.deployDescriptor(HostConfig.java:641)
		at org.apache.catalina.startup.HostConfig$DeployDescriptor.run(HostConfig.java:1930)
		at java.base/java.util.concurrent.Executors$RunnableAdapter.call(Executors.java:572)
		at java.base/java.util.concurrent.FutureTask.run(FutureTask.java:317)
		at org.apache.tomcat.util.threads.InlineExecutorService.execute(InlineExecutorService.java:75)
		at java.base/java.util.concurrent.AbstractExecutorService.submit(AbstractExecutorService.java:123)
		at org.apache.catalina.startup.HostConfig.deployDescriptors(HostConfig.java:534)
		at org.apache.catalina.startup.HostConfig.deployApps(HostConfig.java:424)
		at org.apache.catalina.startup.HostConfig.start(HostConfig.java:1659)
		at org.apache.catalina.startup.HostConfig.lifecycleEvent(HostConfig.java:309)
		at org.apache.catalina.util.LifecycleBase.fireLifecycleEvent(LifecycleBase.java:114)
		at org.apache.catalina.util.LifecycleBase.setStateInternal(LifecycleBase.java:402)
		at org.apache.catalina.util.LifecycleBase.setState(LifecycleBase.java:345)
		at org.apache.catalina.core.ContainerBase.startInternal(ContainerBase.java:893)
		at org.apache.catalina.core.StandardHost.startInternal(StandardHost.java:845)
		at org.apache.catalina.util.LifecycleBase.start(LifecycleBase.java:171)
		at org.apache.catalina.core.ContainerBase$StartChild.call(ContainerBase.java:1332)
		at org.apache.catalina.core.ContainerBase$StartChild.call(ContainerBase.java:1322)
		at java.base/java.util.concurrent.FutureTask.run(FutureTask.java:317)
		at org.apache.tomcat.util.threads.InlineExecutorService.execute(InlineExecutorService.java:75)
		at java.base/java.util.concurrent.AbstractExecutorService.submit(AbstractExecutorService.java:145)
		at org.apache.catalina.core.ContainerBase.startInternal(ContainerBase.java:866)
		at org.apache.catalina.core.StandardEngine.startInternal(StandardEngine.java:240)
		at org.apache.catalina.util.LifecycleBase.start(LifecycleBase.java:171)
		at org.apache.catalina.core.StandardService.startInternal(StandardService.java:433)
		at org.apache.catalina.util.LifecycleBase.start(LifecycleBase.java:171)
		at org.apache.catalina.core.StandardServer.startInternal(StandardServer.java:917)
		at org.apache.catalina.util.LifecycleBase.start(LifecycleBase.java:171)
		at org.apache.catalina.startup.Catalina.start(Catalina.java:795)
		at java.base/jdk.internal.reflect.DirectMethodHandleAccessor.invoke(DirectMethodHandleAccessor.java:103)
		at java.base/java.lang.reflect.Method.invoke(Method.java:580)
		at org.apache.catalina.startup.Bootstrap.start(Bootstrap.java:347)
		at org.apache.catalina.startup.Bootstrap.main(Bootstrap.java:478)
	Caused by: org.apache.catalina.LifecycleException: Failed to start component [org.apache.catalina.webresources.StandardRoot@5f0fd5a0]
		at org.apache.catalina.util.LifecycleBase.handleSubClassException(LifecycleBase.java:419)
		at org.apache.catalina.util.LifecycleBase.start(LifecycleBase.java:186)
		at org.apache.catalina.core.StandardContext.resourcesStart(StandardContext.java:4535)
		at org.apache.catalina.core.StandardContext.startInternal(StandardContext.java:4668)
		at org.apache.catalina.util.LifecycleBase.start(LifecycleBase.java:171)
		at org.apache.catalina.core.ContainerBase.addChildInternal(ContainerBase.java:683)
		... 35 more
	Caused by: java.lang.IllegalArgumentException: The main resource set specified [C:\Users\airos\Desktop\Linguagens\Java WEB\Hello Servlet\build\web] is not a directory or war file, or is not readable (it does not exist or permissions to access it are missing)
		at org.apache.catalina.webresources.StandardRoot.createMainResourceSet(StandardRoot.java:749)
		at org.apache.catalina.webresources.StandardRoot.startInternal(StandardRoot.java:707)
		at org.apache.catalina.util.LifecycleBase.start(LifecycleBase.java:171)
		... 39 more
01-Mar-2024 13:08:56.063 INFO [main] org.apache.catalina.startup.HostConfig.deployDescriptor Deployment of deployment descriptor [E:\Linguagens\Java WEB\apache-tomcat-10.1.15\conf\Catalina\localhost\Hello_Servlet.xml] has finished in [232] ms
01-Mar-2024 13:08:56.064 INFO [main] org.apache.catalina.startup.HostConfig.deployDirectory Diretório de instalação da aplicação web [E:\Linguagens\Java WEB\apache-tomcat-10.1.15\webapps\docs]
01-Mar-2024 13:08:56.686 INFO [main] org.apache.catalina.startup.HostConfig.deployDirectory Deployment of web application directory [E:\Linguagens\Java WEB\apache-tomcat-10.1.15\webapps\docs] has finished in [621] ms
01-Mar-2024 13:08:56.686 INFO [main] org.apache.catalina.startup.HostConfig.deployDirectory Diretório de instalação da aplicação web [E:\Linguagens\Java WEB\apache-tomcat-10.1.15\webapps\examples]
01-Mar-2024 13:08:58.521 INFO [main] org.apache.catalina.startup.HostConfig.deployDirectory Deployment of web application directory [E:\Linguagens\Java WEB\apache-tomcat-10.1.15\webapps\examples] has finished in [1.835] ms
01-Mar-2024 13:08:58.521 INFO [main] org.apache.catalina.startup.HostConfig.deployDirectory Diretório de instalação da aplicação web [E:\Linguagens\Java WEB\apache-tomcat-10.1.15\webapps\host-manager]
01-Mar-2024 13:08:58.629 INFO [main] org.apache.catalina.startup.HostConfig.deployDirectory Deployment of web application directory [E:\Linguagens\Java WEB\apache-tomcat-10.1.15\webapps\host-manager] has finished in [107] ms
01-Mar-2024 13:08:58.637 INFO [main] org.apache.catalina.startup.HostConfig.deployDirectory Diretório de instalação da aplicação web [E:\Linguagens\Java WEB\apache-tomcat-10.1.15\webapps\manager]
01-Mar-2024 13:08:58.743 INFO [main] org.apache.catalina.startup.HostConfig.deployDirectory Deployment of web application directory [E:\Linguagens\Java WEB\apache-tomcat-10.1.15\webapps\manager] has finished in [106] ms
01-Mar-2024 13:08:58.743 INFO [main] org.apache.catalina.startup.HostConfig.deployDirectory Diretório de instalação da aplicação web [E:\Linguagens\Java WEB\apache-tomcat-10.1.15\webapps\ROOT]
01-Mar-2024 13:08:58.834 INFO [main] org.apache.catalina.startup.HostConfig.deployDirectory Deployment of web application directory [E:\Linguagens\Java WEB\apache-tomcat-10.1.15\webapps\ROOT] has finished in [90] ms
01-Mar-2024 13:08:58.839 INFO [main] org.apache.coyote.AbstractProtocol.start Starting ProtocolHandler ["http-nio-8080"]
01-Mar-2024 13:08:58.937 INFO [main] org.apache.catalina.startup.Catalina.start Server startup in [3499] milliseconds
01-Mar-2024 13:09:15.754 WARNING [http-nio-8080-exec-2] org.apache.catalina.realm.LockOutRealm.filterLockedAccounts Foi feita uma tentativa de autenticação do usuário já bloqueado []
01-Mar-2024 13:10:50.887 WARNING [http-nio-8080-exec-7] org.apache.catalina.realm.LockOutRealm.filterLockedAccounts Foi feita uma tentativa de autenticação do usuário já bloqueado []
01-Mar-2024 13:10:50.895 WARNING [http-nio-8080-exec-6] org.apache.catalina.realm.LockOutRealm.filterLockedAccounts Foi feita uma tentativa de autenticação do usuário já bloqueado []
01-Mar-2024 13:10:51.427 INFO [http-nio-8080-exec-7] org.apache.catalina.startup.HostConfig.undeploy Undeploying context [/Hello_Servlet]
01-Mar-2024 13:10:51.451 WARNING [http-nio-8080-exec-1] org.apache.catalina.realm.LockOutRealm.filterLockedAccounts Foi feita uma tentativa de autenticação do usuário já bloqueado []
01-Mar-2024 13:10:51.467 INFO [http-nio-8080-exec-2] org.apache.catalina.startup.HostConfig.deployDescriptor Deploying deployment descriptor [E:\Linguagens\Java WEB\apache-tomcat-10.1.15\conf\Catalina\localhost\Hello_Servlet.xml]
01-Mar-2024 13:10:51.472 WARNING [http-nio-8080-exec-2] org.apache.catalina.startup.HostConfig.deployDescriptor The path attribute with value [/Hello_Servlet] in deployment descriptor [E:\Linguagens\Java WEB\apache-tomcat-10.1.15\conf\Catalina\localhost\Hello_Servlet.xml] has been ignored
01-Mar-2024 13:10:51.550 INFO [http-nio-8080-exec-2] org.apache.catalina.startup.HostConfig.deployDescriptor Deployment of deployment descriptor [E:\Linguagens\Java WEB\apache-tomcat-10.1.15\conf\Catalina\localhost\Hello_Servlet.xml] has finished in [99] ms
01-Mar-2024 13:10:51.554 WARNING [http-nio-8080-exec-9] org.apache.catalina.realm.LockOutRealm.filterLockedAccounts Foi feita uma tentativa de autenticação do usuário já bloqueado []
01-Mar-2024 13:10:51.557 INFO [http-nio-8080-exec-10] org.apache.catalina.util.LifecycleBase.start The start() method was called on component [StandardEngine[Catalina].StandardHost[localhost].StandardContext[/Hello_Servlet]] after start() had already been called. The second call will be ignored.
01-Mar-2024 13:11:02.730 WARNING [http-nio-8080-exec-12] org.apache.catalina.realm.LockOutRealm.filterLockedAccounts Foi feita uma tentativa de autenticação do usuário já bloqueado []
01-Mar-2024 13:11:02.738 WARNING [http-nio-8080-exec-12] org.apache.catalina.realm.LockOutRealm.filterLockedAccounts Foi feita uma tentativa de autenticação do usuário já bloqueado []
01-Mar-2024 13:11:49.533 WARNING [http-nio-8080-exec-14] org.apache.catalina.realm.LockOutRealm.filterLockedAccounts Foi feita uma tentativa de autenticação do usuário já bloqueado []
01-Mar-2024 13:11:49.541 WARNING [http-nio-8080-exec-12] org.apache.catalina.realm.LockOutRealm.filterLockedAccounts Foi feita uma tentativa de autenticação do usuário já bloqueado []
01-Mar-2024 13:12:18.241 WARNING [http-nio-8080-exec-14] org.apache.catalina.realm.LockOutRealm.filterLockedAccounts Foi feita uma tentativa de autenticação do usuário já bloqueado []
01-Mar-2024 13:12:18.251 WARNING [http-nio-8080-exec-11] org.apache.catalina.realm.LockOutRealm.filterLockedAccounts Foi feita uma tentativa de autenticação do usuário já bloqueado []
01-Mar-2024 13:14:46.138 WARNING [http-nio-8080-exec-12] org.apache.catalina.realm.LockOutRealm.filterLockedAccounts Foi feita uma tentativa de autenticação do usuário já bloqueado []
01-Mar-2024 13:14:46.157 WARNING [http-nio-8080-exec-13] org.apache.catalina.realm.LockOutRealm.filterLockedAccounts Foi feita uma tentativa de autenticação do usuário já bloqueado []
01-Mar-2024 13:14:46.158 INFO [http-nio-8080-exec-14] org.apache.catalina.core.StandardContext.reload Reloading Context with name [/Hello_Servlet] has started
01-Mar-2024 13:14:46.371 INFO [http-nio-8080-exec-14] org.apache.catalina.core.StandardContext.reload Reloading Context with name [/Hello_Servlet] is completed
01-Mar-2024 13:15:08.025 WARNING [http-nio-8080-exec-12] org.apache.catalina.realm.LockOutRealm.filterLockedAccounts Foi feita uma tentativa de autenticação do usuário já bloqueado []
01-Mar-2024 13:15:08.033 WARNING [http-nio-8080-exec-18] org.apache.catalina.realm.LockOutRealm.filterLockedAccounts Foi feita uma tentativa de autenticação do usuário já bloqueado []
01-Mar-2024 13:15:08.036 INFO [http-nio-8080-exec-18] org.apache.catalina.core.StandardContext.reload Reloading Context with name [/Hello_Servlet] has started
01-Mar-2024 13:15:08.093 INFO [http-nio-8080-exec-18] org.apache.catalina.core.StandardContext.reload Reloading Context with name [/Hello_Servlet] is completed
01-Mar-2024 13:16:49.159 WARNING [http-nio-8080-exec-16] org.apache.catalina.realm.LockOutRealm.filterLockedAccounts Foi feita uma tentativa de autenticação do usuário já bloqueado []
01-Mar-2024 13:16:49.167 WARNING [http-nio-8080-exec-24] org.apache.catalina.realm.LockOutRealm.filterLockedAccounts Foi feita uma tentativa de autenticação do usuário já bloqueado []
01-Mar-2024 13:16:49.169 INFO [http-nio-8080-exec-25] org.apache.catalina.core.StandardContext.reload Reloading Context with name [/Hello_Servlet] has started
01-Mar-2024 13:16:49.269 INFO [http-nio-8080-exec-25] org.apache.catalina.core.StandardContext.reload Reloading Context with name [/Hello_Servlet] is completed
01-Mar-2024 13:17:08.525 WARNING [http-nio-8080-exec-23] org.apache.catalina.realm.LockOutRealm.filterLockedAccounts Foi feita uma tentativa de autenticação do usuário já bloqueado []
01-Mar-2024 13:17:08.536 WARNING [http-nio-8080-exec-32] org.apache.catalina.realm.LockOutRealm.filterLockedAccounts Foi feita uma tentativa de autenticação do usuário já bloqueado []
01-Mar-2024 13:17:08.559 WARNING [http-nio-8080-exec-29] org.apache.catalina.realm.LockOutRealm.filterLockedAccounts Foi feita uma tentativa de autenticação do usuário já bloqueado []
01-Mar-2024 13:17:08.564 INFO [http-nio-8080-exec-32] org.apache.catalina.core.StandardContext.reload Reloading Context with name [/Hello_Servlet] has started
01-Mar-2024 13:17:08.613 INFO [http-nio-8080-exec-32] org.apache.catalina.core.StandardContext.reload Reloading Context with name [/Hello_Servlet] is completed
01-Mar-2024 13:17:16.535 WARNING [http-nio-8080-exec-27] org.apache.catalina.realm.LockOutRealm.filterLockedAccounts Foi feita uma tentativa de autenticação do usuário já bloqueado []
01-Mar-2024 13:17:16.542 WARNING [http-nio-8080-exec-25] org.apache.catalina.realm.LockOutRealm.filterLockedAccounts Foi feita uma tentativa de autenticação do usuário já bloqueado []
01-Mar-2024 13:17:16.544 INFO [http-nio-8080-exec-32] org.apache.catalina.core.StandardContext.reload Reloading Context with name [/Hello_Servlet] has started
01-Mar-2024 13:17:16.597 INFO [http-nio-8080-exec-32] org.apache.catalina.core.StandardContext.reload Reloading Context with name [/Hello_Servlet] is completed
01-Mar-2024 13:17:22.846 WARNING [http-nio-8080-exec-29] org.apache.catalina.realm.LockOutRealm.filterLockedAccounts Foi feita uma tentativa de autenticação do usuário já bloqueado []
01-Mar-2024 13:17:22.854 WARNING [http-nio-8080-exec-31] org.apache.catalina.realm.LockOutRealm.filterLockedAccounts Foi feita uma tentativa de autenticação do usuário já bloqueado []
01-Mar-2024 13:17:22.856 INFO [http-nio-8080-exec-32] org.apache.catalina.core.StandardContext.reload Reloading Context with name [/Hello_Servlet] has started
01-Mar-2024 13:17:22.896 INFO [http-nio-8080-exec-32] org.apache.catalina.core.StandardContext.reload Reloading Context with name [/Hello_Servlet] is completed
01-Mar-2024 13:17:41.385 WARNING [http-nio-8080-exec-32] org.apache.catalina.realm.LockOutRealm.filterLockedAccounts Foi feita uma tentativa de autenticação do usuário já bloqueado []
01-Mar-2024 13:17:41.395 WARNING [http-nio-8080-exec-31] org.apache.catalina.realm.LockOutRealm.filterLockedAccounts Foi feita uma tentativa de autenticação do usuário já bloqueado []
01-Mar-2024 13:17:41.398 INFO [http-nio-8080-exec-33] org.apache.catalina.core.StandardContext.reload Reloading Context with name [/Hello_Servlet] has started
01-Mar-2024 13:17:41.433 INFO [http-nio-8080-exec-33] org.apache.catalina.core.StandardContext.reload Reloading Context with name [/Hello_Servlet] is completed
01-Mar-2024 13:17:41.880 WARNING [http-nio-8080-exec-33] org.apache.catalina.realm.LockOutRealm.filterLockedAccounts Foi feita uma tentativa de autenticação do usuário já bloqueado []
01-Mar-2024 13:17:41.885 WARNING [http-nio-8080-exec-32] org.apache.catalina.realm.LockOutRealm.filterLockedAccounts Foi feita uma tentativa de autenticação do usuário já bloqueado []
01-Mar-2024 13:17:41.890 INFO [http-nio-8080-exec-35] org.apache.catalina.core.StandardContext.reload Reloading Context with name [/Hello_Servlet] has started
01-Mar-2024 13:17:41.922 INFO [http-nio-8080-exec-35] org.apache.catalina.core.StandardContext.reload Reloading Context with name [/Hello_Servlet] is completed
01-Mar-2024 13:18:01.904 WARNING [http-nio-8080-exec-39] org.apache.catalina.realm.LockOutRealm.filterLockedAccounts Foi feita uma tentativa de autenticação do usuário já bloqueado []
01-Mar-2024 13:18:01.909 WARNING [http-nio-8080-exec-38] org.apache.catalina.realm.LockOutRealm.filterLockedAccounts Foi feita uma tentativa de autenticação do usuário já bloqueado []
01-Mar-2024 13:18:01.911 INFO [http-nio-8080-exec-38] org.apache.catalina.core.StandardContext.reload Reloading Context with name [/Hello_Servlet] has started
01-Mar-2024 13:18:01.938 INFO [http-nio-8080-exec-38] org.apache.catalina.core.StandardContext.reload Reloading Context with name [/Hello_Servlet] is completed
01-Mar-2024 15:08:08.169 INFO [main] org.apache.catalina.core.StandardServer.await A valid shutdown command was received via the shutdown port. Stopping the Server instance.
01-Mar-2024 15:08:08.170 INFO [main] org.apache.coyote.AbstractProtocol.pause Pausing ProtocolHandler ["http-nio-8080"]
01-Mar-2024 15:08:08.174 INFO [main] org.apache.catalina.core.StandardService.stopInternal Stopping service [Catalina]
01-Mar-2024 15:08:08.190 INFO [main] org.apache.coyote.AbstractProtocol.stop Stopping ProtocolHandler ["http-nio-8080"]
01-Mar-2024 15:08:08.205 INFO [main] org.apache.coyote.AbstractProtocol.destroy Destroying ProtocolHandler ["http-nio-8080"]
