02-Mar-2024 14:28:30.816 INFO [main] org.apache.catalina.startup.VersionLoggerListener.log Server version name:   Apache Tomcat/10.1.15
02-Mar-2024 14:28:30.822 INFO [main] org.apache.catalina.startup.VersionLoggerListener.log Server built:          Oct 11 2023 23:38:40 UTC
02-Mar-2024 14:28:30.823 INFO [main] org.apache.catalina.startup.VersionLoggerListener.log Server version number: 10.1.15.0
02-Mar-2024 14:28:30.823 INFO [main] org.apache.catalina.startup.VersionLoggerListener.log OS Name:               Windows 10
02-Mar-2024 14:28:30.823 INFO [main] org.apache.catalina.startup.VersionLoggerListener.log OS Version:            10.0
02-Mar-2024 14:28:30.823 INFO [main] org.apache.catalina.startup.VersionLoggerListener.log Architecture:          amd64
02-Mar-2024 14:28:30.823 INFO [main] org.apache.catalina.startup.VersionLoggerListener.log Java Home:             E:\Java
02-Mar-2024 14:28:30.824 INFO [main] org.apache.catalina.startup.VersionLoggerListener.log JVM Version:           21.0.2+13-LTS-58
02-Mar-2024 14:28:30.824 INFO [main] org.apache.catalina.startup.VersionLoggerListener.log JVM Vendor:            Oracle Corporation
02-Mar-2024 14:28:30.824 INFO [main] org.apache.catalina.startup.VersionLoggerListener.log CATALINA_BASE:         E:\Linguagens\Java WEB\apache-tomcat-10.1.15
02-Mar-2024 14:28:30.824 INFO [main] org.apache.catalina.startup.VersionLoggerListener.log CATALINA_HOME:         E:\Linguagens\Java WEB\apache-tomcat-10.1.15
02-Mar-2024 14:28:30.838 INFO [main] org.apache.catalina.startup.VersionLoggerListener.log Command line argument: -Djava.util.logging.config.file=E:\Linguagens\Java WEB\apache-tomcat-10.1.15\conf\logging.properties
02-Mar-2024 14:28:30.838 INFO [main] org.apache.catalina.startup.VersionLoggerListener.log Command line argument: -Djava.util.logging.manager=org.apache.juli.ClassLoaderLogManager
02-Mar-2024 14:28:30.839 INFO [main] org.apache.catalina.startup.VersionLoggerListener.log Command line argument: -Djdk.tls.ephemeralDHKeySize=2048
02-Mar-2024 14:28:30.839 INFO [main] org.apache.catalina.startup.VersionLoggerListener.log Command line argument: -Djava.protocol.handler.pkgs=org.apache.catalina.webresources
02-Mar-2024 14:28:30.839 INFO [main] org.apache.catalina.startup.VersionLoggerListener.log Command line argument: --add-opens=java.base/java.lang=ALL-UNNAMED
02-Mar-2024 14:28:30.839 INFO [main] org.apache.catalina.startup.VersionLoggerListener.log Command line argument: --add-opens=java.base/java.io=ALL-UNNAMED
02-Mar-2024 14:28:30.839 INFO [main] org.apache.catalina.startup.VersionLoggerListener.log Command line argument: --add-opens=java.base/java.util=ALL-UNNAMED
02-Mar-2024 14:28:30.839 INFO [main] org.apache.catalina.startup.VersionLoggerListener.log Command line argument: --add-opens=java.base/java.util.concurrent=ALL-UNNAMED
02-Mar-2024 14:28:30.840 INFO [main] org.apache.catalina.startup.VersionLoggerListener.log Command line argument: --add-opens=java.rmi/sun.rmi.transport=ALL-UNNAMED
02-Mar-2024 14:28:30.841 INFO [main] org.apache.catalina.startup.VersionLoggerListener.log Command line argument: -Dcatalina.base=E:\Linguagens\Java WEB\apache-tomcat-10.1.15
02-Mar-2024 14:28:30.841 INFO [main] org.apache.catalina.startup.VersionLoggerListener.log Command line argument: -Dcatalina.home=E:\Linguagens\Java WEB\apache-tomcat-10.1.15
02-Mar-2024 14:28:30.841 INFO [main] org.apache.catalina.startup.VersionLoggerListener.log Command line argument: -Djava.io.tmpdir=E:\Linguagens\Java WEB\apache-tomcat-10.1.15\temp
02-Mar-2024 14:28:30.854 INFO [main] org.apache.catalina.core.AprLifecycleListener.lifecycleEvent The Apache Tomcat Native library which allows using OpenSSL was not found on the java.library.path: [E:\Java\bin;C:\WINDOWS\Sun\Java\bin;C:\WINDOWS\system32;C:\WINDOWS;C:\Program Files\Common Files\Oracle\Java\javapath;E:\Java\bin;C:\Program Files (x86)\Common Files\Oracle\Java\javapath;C:\Program Files (x86)\Intel\iCLS Client\;C:\Program Files\Intel\iCLS Client\;C:\WINDOWS\system32;C:\WINDOWS;C:\WINDOWS\System32\Wbem;C:\WINDOWS\System32\WindowsPowerShell\v1.0\;C:\Program Files\NVIDIA Corporation\NVIDIA NvDLISR;C:\Program Files (x86)\NVIDIA Corporation\PhysX\Common;C:\Program Files (x86)\Intel\Intel(R) Management Engine Components\DAL;C:\Program Files\Intel\Intel(R) Management Engine Components\DAL;C:\Program Files (x86)\Intel\Intel(R) Management Engine Components\IPT;C:\Program Files\Intel\Intel(R) Management Engine Components\IPT;C:\WINDOWS\System32\OpenSSH\;E:\Java\Java JDK\bin;E:\Git\cmd;C:\Users\Airosa\.console-ninja\.bin;C:\Users\Airosa\AppData\Local\Microsoft\WindowsApps;E:\Microsoft VS Code\bin;.]
02-Mar-2024 14:28:31.791 INFO [main] org.apache.coyote.AbstractProtocol.init Initializing ProtocolHandler ["http-nio-8080"]
02-Mar-2024 14:28:31.886 INFO [main] org.apache.catalina.startup.Catalina.load Server initialization in [2374] milliseconds
02-Mar-2024 14:28:32.126 INFO [main] org.apache.catalina.core.StandardService.startInternal Starting service [Catalina]
02-Mar-2024 14:28:32.126 INFO [main] org.apache.catalina.core.StandardEngine.startInternal Starting Servlet engine: [Apache Tomcat/10.1.15]
02-Mar-2024 14:28:32.144 INFO [main] org.apache.catalina.startup.HostConfig.deployDescriptor Deploying deployment descriptor [E:\Linguagens\Java WEB\apache-tomcat-10.1.15\conf\Catalina\localhost\HelloTomcat.xml]
02-Mar-2024 14:28:32.295 WARNING [main] org.apache.catalina.startup.HostConfig.deployDescriptor The path attribute with value [/HelloTomcat] in deployment descriptor [E:\Linguagens\Java WEB\apache-tomcat-10.1.15\conf\Catalina\localhost\HelloTomcat.xml] has been ignored
02-Mar-2024 14:28:32.608 SEVERE [main] org.apache.catalina.startup.HostConfig.deployDescriptor Error deploying deployment descriptor [E:\Linguagens\Java WEB\apache-tomcat-10.1.15\conf\Catalina\localhost\HelloTomcat.xml]
	java.lang.IllegalStateException: Error starting child
		at org.apache.catalina.core.ContainerBase.addChildInternal(ContainerBase.java:686)
		at org.apache.catalina.core.ContainerBase.addChild(ContainerBase.java:658)
		at org.apache.catalina.core.StandardHost.addChild(StandardHost.java:712)
		at org.apache.catalina.startup.HostConfig.deployDescriptor(HostConfig.java:641)
		at org.apache.catalina.startup.HostConfig$DeployDescriptor.run(HostConfig.java:1930)
		at java.base/java.util.concurrent.Executors$RunnableAdapter.call(Executors.java:572)
		at java.base/java.util.concurrent.FutureTask.run(FutureTask.java:317)
		at org.apache.tomcat.util.threads.InlineExecutorService.execute(InlineExecutorService.java:75)
		at java.base/java.util.concurrent.AbstractExecutorService.submit(AbstractExecutorService.java:123)
		at org.apache.catalina.startup.HostConfig.deployDescriptors(HostConfig.java:534)
		at org.apache.catalina.startup.HostConfig.deployApps(HostConfig.java:424)
		at org.apache.catalina.startup.HostConfig.start(HostConfig.java:1659)
		at org.apache.catalina.startup.HostConfig.lifecycleEvent(HostConfig.java:309)
		at org.apache.catalina.util.LifecycleBase.fireLifecycleEvent(LifecycleBase.java:114)
		at org.apache.catalina.util.LifecycleBase.setStateInternal(LifecycleBase.java:402)
		at org.apache.catalina.util.LifecycleBase.setState(LifecycleBase.java:345)
		at org.apache.catalina.core.ContainerBase.startInternal(ContainerBase.java:893)
		at org.apache.catalina.core.StandardHost.startInternal(StandardHost.java:845)
		at org.apache.catalina.util.LifecycleBase.start(LifecycleBase.java:171)
		at org.apache.catalina.core.ContainerBase$StartChild.call(ContainerBase.java:1332)
		at org.apache.catalina.core.ContainerBase$StartChild.call(ContainerBase.java:1322)
		at java.base/java.util.concurrent.FutureTask.run(FutureTask.java:317)
		at org.apache.tomcat.util.threads.InlineExecutorService.execute(InlineExecutorService.java:75)
		at java.base/java.util.concurrent.AbstractExecutorService.submit(AbstractExecutorService.java:145)
		at org.apache.catalina.core.ContainerBase.startInternal(ContainerBase.java:866)
		at org.apache.catalina.core.StandardEngine.startInternal(StandardEngine.java:240)
		at org.apache.catalina.util.LifecycleBase.start(LifecycleBase.java:171)
		at org.apache.catalina.core.StandardService.startInternal(StandardService.java:433)
		at org.apache.catalina.util.LifecycleBase.start(LifecycleBase.java:171)
		at org.apache.catalina.core.StandardServer.startInternal(StandardServer.java:917)
		at org.apache.catalina.util.LifecycleBase.start(LifecycleBase.java:171)
		at org.apache.catalina.startup.Catalina.start(Catalina.java:795)
		at java.base/jdk.internal.reflect.DirectMethodHandleAccessor.invoke(DirectMethodHandleAccessor.java:103)
		at java.base/java.lang.reflect.Method.invoke(Method.java:580)
		at org.apache.catalina.startup.Bootstrap.start(Bootstrap.java:347)
		at org.apache.catalina.startup.Bootstrap.main(Bootstrap.java:478)
	Caused by: org.apache.catalina.LifecycleException: Failed to start component [org.apache.catalina.webresources.StandardRoot@23202fce]
		at org.apache.catalina.util.LifecycleBase.handleSubClassException(LifecycleBase.java:419)
		at org.apache.catalina.util.LifecycleBase.start(LifecycleBase.java:186)
		at org.apache.catalina.core.StandardContext.resourcesStart(StandardContext.java:4535)
		at org.apache.catalina.core.StandardContext.startInternal(StandardContext.java:4668)
		at org.apache.catalina.util.LifecycleBase.start(LifecycleBase.java:171)
		at org.apache.catalina.core.ContainerBase.addChildInternal(ContainerBase.java:683)
		... 35 more
	Caused by: java.lang.IllegalArgumentException: The main resource set specified [C:\Users\airos\Desktop\Linguagens\Java WEB\HelloTomcat\build\web] is not a directory or war file, or is not readable (it does not exist or permissions to access it are missing)
		at org.apache.catalina.webresources.StandardRoot.createMainResourceSet(StandardRoot.java:749)
		at org.apache.catalina.webresources.StandardRoot.startInternal(StandardRoot.java:707)
		at org.apache.catalina.util.LifecycleBase.start(LifecycleBase.java:171)
		... 39 more
02-Mar-2024 14:28:32.629 INFO [main] org.apache.catalina.startup.HostConfig.deployDescriptor Deployment of deployment descriptor [E:\Linguagens\Java WEB\apache-tomcat-10.1.15\conf\Catalina\localhost\HelloTomcat.xml] has finished in [473] ms
02-Mar-2024 14:28:32.643 INFO [main] org.apache.catalina.startup.HostConfig.deployDescriptor Deploying deployment descriptor [E:\Linguagens\Java WEB\apache-tomcat-10.1.15\conf\Catalina\localhost\Hello_Servlet.xml]
02-Mar-2024 14:28:32.787 WARNING [main] org.apache.catalina.startup.HostConfig.deployDescriptor The path attribute with value [/Hello_Servlet] in deployment descriptor [E:\Linguagens\Java WEB\apache-tomcat-10.1.15\conf\Catalina\localhost\Hello_Servlet.xml] has been ignored
02-Mar-2024 14:28:33.691 INFO [main] org.apache.catalina.startup.HostConfig.deployDescriptor Deployment of deployment descriptor [E:\Linguagens\Java WEB\apache-tomcat-10.1.15\conf\Catalina\localhost\Hello_Servlet.xml] has finished in [1.061] ms
02-Mar-2024 14:28:33.692 INFO [main] org.apache.catalina.startup.HostConfig.deployDirectory Diretório de instalação da aplicação web [E:\Linguagens\Java WEB\apache-tomcat-10.1.15\webapps\docs]
02-Mar-2024 14:28:33.873 INFO [main] org.apache.catalina.startup.HostConfig.deployDirectory Deployment of web application directory [E:\Linguagens\Java WEB\apache-tomcat-10.1.15\webapps\docs] has finished in [181] ms
02-Mar-2024 14:28:33.873 INFO [main] org.apache.catalina.startup.HostConfig.deployDirectory Diretório de instalação da aplicação web [E:\Linguagens\Java WEB\apache-tomcat-10.1.15\webapps\examples]
02-Mar-2024 14:28:35.914 INFO [main] org.apache.catalina.startup.HostConfig.deployDirectory Deployment of web application directory [E:\Linguagens\Java WEB\apache-tomcat-10.1.15\webapps\examples] has finished in [2.041] ms
02-Mar-2024 14:28:35.915 INFO [main] org.apache.catalina.startup.HostConfig.deployDirectory Diretório de instalação da aplicação web [E:\Linguagens\Java WEB\apache-tomcat-10.1.15\webapps\host-manager]
02-Mar-2024 14:28:36.000 INFO [main] org.apache.catalina.startup.HostConfig.deployDirectory Deployment of web application directory [E:\Linguagens\Java WEB\apache-tomcat-10.1.15\webapps\host-manager] has finished in [85] ms
02-Mar-2024 14:28:36.000 INFO [main] org.apache.catalina.startup.HostConfig.deployDirectory Diretório de instalação da aplicação web [E:\Linguagens\Java WEB\apache-tomcat-10.1.15\webapps\manager]
02-Mar-2024 14:28:36.138 INFO [main] org.apache.catalina.startup.HostConfig.deployDirectory Deployment of web application directory [E:\Linguagens\Java WEB\apache-tomcat-10.1.15\webapps\manager] has finished in [138] ms
02-Mar-2024 14:28:36.138 INFO [main] org.apache.catalina.startup.HostConfig.deployDirectory Diretório de instalação da aplicação web [E:\Linguagens\Java WEB\apache-tomcat-10.1.15\webapps\ROOT]
02-Mar-2024 14:28:36.171 INFO [main] org.apache.catalina.startup.HostConfig.deployDirectory Deployment of web application directory [E:\Linguagens\Java WEB\apache-tomcat-10.1.15\webapps\ROOT] has finished in [33] ms
02-Mar-2024 14:28:36.176 INFO [main] org.apache.coyote.AbstractProtocol.start Starting ProtocolHandler ["http-nio-8080"]
02-Mar-2024 14:28:36.223 INFO [main] org.apache.catalina.startup.Catalina.start Server startup in [4326] milliseconds
02-Mar-2024 14:28:38.982 INFO [http-nio-8080-exec-2] org.apache.catalina.core.StandardContext.reload Reloading Context with name [/Hello_Servlet] has started
02-Mar-2024 14:28:39.108 INFO [http-nio-8080-exec-2] org.apache.catalina.core.StandardContext.reload Reloading Context with name [/Hello_Servlet] is completed
02-Mar-2024 14:42:23.453 WARNING [http-nio-8080-exec-15] org.apache.catalina.realm.LockOutRealm.filterLockedAccounts Foi feita uma tentativa de autenticação do usuário já bloqueado []
02-Mar-2024 14:43:39.498 WARNING [http-nio-8080-exec-17] org.apache.catalina.realm.LockOutRealm.filterLockedAccounts Foi feita uma tentativa de autenticação do usuário já bloqueado []
02-Mar-2024 14:47:23.697 WARNING [http-nio-8080-exec-18] org.apache.catalina.realm.LockOutRealm.filterLockedAccounts Foi feita uma tentativa de autenticação do usuário já bloqueado []
02-Mar-2024 14:49:34.150 WARNING [http-nio-8080-exec-19] org.apache.catalina.realm.LockOutRealm.filterLockedAccounts Foi feita uma tentativa de autenticação do usuário já bloqueado []
02-Mar-2024 14:49:43.486 WARNING [http-nio-8080-exec-16] org.apache.catalina.realm.LockOutRealm.filterLockedAccounts Foi feita uma tentativa de autenticação do usuário já bloqueado []
02-Mar-2024 14:53:17.317 WARNING [http-nio-8080-exec-16] org.apache.catalina.realm.LockOutRealm.filterLockedAccounts Foi feita uma tentativa de autenticação do usuário já bloqueado []
02-Mar-2024 14:53:36.636 WARNING [http-nio-8080-exec-11] org.apache.catalina.realm.LockOutRealm.filterLockedAccounts Foi feita uma tentativa de autenticação do usuário já bloqueado []
02-Mar-2024 14:54:08.601 WARNING [http-nio-8080-exec-19] org.apache.catalina.realm.LockOutRealm.filterLockedAccounts Foi feita uma tentativa de autenticação do usuário já bloqueado []
02-Mar-2024 14:54:22.958 WARNING [http-nio-8080-exec-20] org.apache.catalina.realm.LockOutRealm.filterLockedAccounts Foi feita uma tentativa de autenticação do usuário já bloqueado []
02-Mar-2024 14:54:30.679 WARNING [http-nio-8080-exec-12] org.apache.catalina.realm.LockOutRealm.filterLockedAccounts Foi feita uma tentativa de autenticação do usuário já bloqueado []
02-Mar-2024 14:54:40.957 WARNING [http-nio-8080-exec-14] org.apache.catalina.realm.LockOutRealm.filterLockedAccounts Foi feita uma tentativa de autenticação do usuário já bloqueado []
02-Mar-2024 14:55:19.813 WARNING [http-nio-8080-exec-11] org.apache.catalina.realm.LockOutRealm.filterLockedAccounts Foi feita uma tentativa de autenticação do usuário já bloqueado []
02-Mar-2024 14:55:24.469 WARNING [http-nio-8080-exec-17] org.apache.catalina.realm.LockOutRealm.filterLockedAccounts Foi feita uma tentativa de autenticação do usuário já bloqueado []
02-Mar-2024 14:55:56.601 WARNING [http-nio-8080-exec-18] org.apache.catalina.realm.LockOutRealm.filterLockedAccounts Foi feita uma tentativa de autenticação do usuário já bloqueado []
02-Mar-2024 14:56:16.575 WARNING [http-nio-8080-exec-11] org.apache.catalina.realm.LockOutRealm.filterLockedAccounts Foi feita uma tentativa de autenticação do usuário já bloqueado []
02-Mar-2024 14:56:21.315 WARNING [http-nio-8080-exec-17] org.apache.catalina.realm.LockOutRealm.filterLockedAccounts Foi feita uma tentativa de autenticação do usuário já bloqueado []
02-Mar-2024 14:56:28.111 WARNING [http-nio-8080-exec-18] org.apache.catalina.realm.LockOutRealm.filterLockedAccounts Foi feita uma tentativa de autenticação do usuário já bloqueado []
02-Mar-2024 14:58:05.592 WARNING [http-nio-8080-exec-12] org.apache.catalina.realm.LockOutRealm.filterLockedAccounts Foi feita uma tentativa de autenticação do usuário já bloqueado []
02-Mar-2024 15:02:41.651 WARNING [http-nio-8080-exec-18] org.apache.catalina.realm.LockOutRealm.filterLockedAccounts Foi feita uma tentativa de autenticação do usuário já bloqueado []
02-Mar-2024 15:21:45.928 WARNING [http-nio-8080-exec-19] org.apache.catalina.realm.LockOutRealm.filterLockedAccounts Foi feita uma tentativa de autenticação do usuário já bloqueado []
02-Mar-2024 15:21:53.732 WARNING [http-nio-8080-exec-11] org.apache.catalina.realm.LockOutRealm.filterLockedAccounts Foi feita uma tentativa de autenticação do usuário já bloqueado []
02-Mar-2024 15:22:35.600 WARNING [http-nio-8080-exec-17] org.apache.catalina.realm.LockOutRealm.filterLockedAccounts Foi feita uma tentativa de autenticação do usuário já bloqueado []
02-Mar-2024 15:22:49.742 WARNING [http-nio-8080-exec-20] org.apache.catalina.realm.LockOutRealm.filterLockedAccounts Foi feita uma tentativa de autenticação do usuário já bloqueado []
02-Mar-2024 15:41:02.408 INFO [http-nio-8080-exec-17] org.apache.catalina.startup.HostConfig.deployDescriptor Deploying deployment descriptor [E:\Linguagens\Java WEB\apache-tomcat-10.1.15\conf\Catalina\localhost\agenda.xml]
02-Mar-2024 15:41:02.414 WARNING [http-nio-8080-exec-17] org.apache.catalina.startup.HostConfig.deployDescriptor The path attribute with value [/agenda] in deployment descriptor [E:\Linguagens\Java WEB\apache-tomcat-10.1.15\conf\Catalina\localhost\agenda.xml] has been ignored
02-Mar-2024 15:41:02.442 INFO [http-nio-8080-exec-17] org.apache.catalina.startup.HostConfig.deployDescriptor Deployment of deployment descriptor [E:\Linguagens\Java WEB\apache-tomcat-10.1.15\conf\Catalina\localhost\agenda.xml] has finished in [34] ms
02-Mar-2024 15:41:02.451 INFO [http-nio-8080-exec-18] org.apache.catalina.util.LifecycleBase.start The start() method was called on component [StandardEngine[Catalina].StandardHost[localhost].StandardContext[/agenda]] after start() had already been called. The second call will be ignored.
02-Mar-2024 15:42:42.224 WARNING [http-nio-8080-exec-17] org.apache.catalina.realm.LockOutRealm.filterLockedAccounts Foi feita uma tentativa de autenticação do usuário já bloqueado []
02-Mar-2024 15:54:04.428 INFO [http-nio-8080-exec-14] org.apache.catalina.startup.HostConfig.undeploy Undeploying context [/agenda]
02-Mar-2024 15:55:42.324 WARNING [http-nio-8080-exec-12] org.apache.catalina.realm.LockOutRealm.filterLockedAccounts Foi feita uma tentativa de autenticação do usuário já bloqueado []
02-Mar-2024 15:55:42.364 WARNING [http-nio-8080-exec-24] org.apache.catalina.realm.LockOutRealm.filterLockedAccounts Foi feita uma tentativa de autenticação do usuário já bloqueado []
02-Mar-2024 15:56:54.109 WARNING [http-nio-8080-exec-22] org.apache.catalina.realm.LockOutRealm.filterLockedAccounts Foi feita uma tentativa de autenticação do usuário já bloqueado []
02-Mar-2024 15:57:12.100 WARNING [http-nio-8080-exec-21] org.apache.catalina.realm.LockOutRealm.filterLockedAccounts Foi feita uma tentativa de autenticação do usuário já bloqueado []
02-Mar-2024 15:59:04.796 WARNING [http-nio-8080-exec-26] org.apache.catalina.realm.LockOutRealm.filterLockedAccounts Foi feita uma tentativa de autenticação do usuário já bloqueado []
02-Mar-2024 15:59:23.327 WARNING [http-nio-8080-exec-30] org.apache.catalina.realm.LockOutRealm.filterLockedAccounts Foi feita uma tentativa de autenticação do usuário já bloqueado []
02-Mar-2024 15:59:23.335 WARNING [http-nio-8080-exec-23] org.apache.catalina.realm.LockOutRealm.filterLockedAccounts Foi feita uma tentativa de autenticação do usuário já bloqueado []
02-Mar-2024 15:59:23.344 WARNING [http-nio-8080-exec-26] org.apache.catalina.realm.LockOutRealm.filterLockedAccounts Foi feita uma tentativa de autenticação do usuário já bloqueado []
02-Mar-2024 15:59:23.349 INFO [http-nio-8080-exec-25] org.apache.catalina.startup.HostConfig.deployDescriptor Deploying deployment descriptor [E:\Linguagens\Java WEB\apache-tomcat-10.1.15\conf\Catalina\localhost\agenda.xml]
02-Mar-2024 15:59:23.351 WARNING [http-nio-8080-exec-25] org.apache.catalina.startup.HostConfig.deployDescriptor The path attribute with value [/agenda] in deployment descriptor [E:\Linguagens\Java WEB\apache-tomcat-10.1.15\conf\Catalina\localhost\agenda.xml] has been ignored
02-Mar-2024 15:59:23.417 INFO [http-nio-8080-exec-25] org.apache.catalina.startup.HostConfig.deployDescriptor Deployment of deployment descriptor [E:\Linguagens\Java WEB\apache-tomcat-10.1.15\conf\Catalina\localhost\agenda.xml] has finished in [67] ms
02-Mar-2024 15:59:23.419 WARNING [http-nio-8080-exec-21] org.apache.catalina.realm.LockOutRealm.filterLockedAccounts Foi feita uma tentativa de autenticação do usuário já bloqueado []
02-Mar-2024 15:59:23.421 INFO [http-nio-8080-exec-27] org.apache.catalina.util.LifecycleBase.start The start() method was called on component [StandardEngine[Catalina].StandardHost[localhost].StandardContext[/agenda]] after start() had already been called. The second call will be ignored.
02-Mar-2024 16:00:41.793 WARNING [http-nio-8080-exec-23] org.apache.catalina.realm.LockOutRealm.filterLockedAccounts Foi feita uma tentativa de autenticação do usuário já bloqueado []
02-Mar-2024 16:01:45.607 WARNING [http-nio-8080-exec-21] org.apache.catalina.realm.LockOutRealm.filterLockedAccounts Foi feita uma tentativa de autenticação do usuário já bloqueado []
02-Mar-2024 16:01:45.646 WARNING [http-nio-8080-exec-30] org.apache.catalina.realm.LockOutRealm.filterLockedAccounts Foi feita uma tentativa de autenticação do usuário já bloqueado []
02-Mar-2024 16:02:03.848 WARNING [http-nio-8080-exec-28] org.apache.catalina.realm.LockOutRealm.filterLockedAccounts Foi feita uma tentativa de autenticação do usuário já bloqueado []
02-Mar-2024 16:02:54.918 WARNING [http-nio-8080-exec-26] org.apache.catalina.realm.LockOutRealm.filterLockedAccounts Foi feita uma tentativa de autenticação do usuário já bloqueado []
02-Mar-2024 16:03:10.886 WARNING [http-nio-8080-exec-24] org.apache.catalina.realm.LockOutRealm.filterLockedAccounts Foi feita uma tentativa de autenticação do usuário já bloqueado []
02-Mar-2024 16:04:15.913 WARNING [http-nio-8080-exec-24] org.apache.catalina.realm.LockOutRealm.filterLockedAccounts Foi feita uma tentativa de autenticação do usuário já bloqueado []
02-Mar-2024 16:04:15.970 WARNING [http-nio-8080-exec-30] org.apache.catalina.realm.LockOutRealm.filterLockedAccounts Foi feita uma tentativa de autenticação do usuário já bloqueado []
02-Mar-2024 16:04:23.000 WARNING [http-nio-8080-exec-21] org.apache.catalina.realm.LockOutRealm.filterLockedAccounts Foi feita uma tentativa de autenticação do usuário já bloqueado []
02-Mar-2024 16:04:53.450 WARNING [http-nio-8080-exec-23] org.apache.catalina.realm.LockOutRealm.filterLockedAccounts Foi feita uma tentativa de autenticação do usuário já bloqueado []
02-Mar-2024 16:06:04.810 WARNING [http-nio-8080-exec-27] org.apache.catalina.realm.LockOutRealm.filterLockedAccounts Foi feita uma tentativa de autenticação do usuário já bloqueado []
02-Mar-2024 16:06:27.236 WARNING [http-nio-8080-exec-28] org.apache.catalina.realm.LockOutRealm.filterLockedAccounts Foi feita uma tentativa de autenticação do usuário já bloqueado []
02-Mar-2024 16:06:31.410 WARNING [http-nio-8080-exec-28] org.apache.catalina.realm.LockOutRealm.filterLockedAccounts Foi feita uma tentativa de autenticação do usuário já bloqueado []
02-Mar-2024 16:08:45.330 WARNING [http-nio-8080-exec-21] org.apache.catalina.realm.LockOutRealm.filterLockedAccounts Foi feita uma tentativa de autenticação do usuário já bloqueado []
02-Mar-2024 16:08:52.953 WARNING [http-nio-8080-exec-27] org.apache.catalina.realm.LockOutRealm.filterLockedAccounts Foi feita uma tentativa de autenticação do usuário já bloqueado []
02-Mar-2024 16:09:06.833 WARNING [http-nio-8080-exec-21] org.apache.catalina.realm.LockOutRealm.filterLockedAccounts Foi feita uma tentativa de autenticação do usuário já bloqueado []
02-Mar-2024 16:09:06.862 WARNING [http-nio-8080-exec-22] org.apache.catalina.realm.LockOutRealm.filterLockedAccounts Foi feita uma tentativa de autenticação do usuário já bloqueado []
02-Mar-2024 16:09:24.502 WARNING [http-nio-8080-exec-26] org.apache.catalina.realm.LockOutRealm.filterLockedAccounts Foi feita uma tentativa de autenticação do usuário já bloqueado []
02-Mar-2024 16:18:29.978 WARNING [http-nio-8080-exec-22] org.apache.catalina.realm.LockOutRealm.filterLockedAccounts Foi feita uma tentativa de autenticação do usuário já bloqueado []
02-Mar-2024 16:18:30.293 WARNING [http-nio-8080-exec-21] org.apache.catalina.realm.LockOutRealm.filterLockedAccounts Foi feita uma tentativa de autenticação do usuário já bloqueado []
02-Mar-2024 16:18:38.540 WARNING [http-nio-8080-exec-30] org.apache.catalina.realm.LockOutRealm.filterLockedAccounts Foi feita uma tentativa de autenticação do usuário já bloqueado []
02-Mar-2024 16:18:44.051 WARNING [http-nio-8080-exec-29] org.apache.catalina.realm.LockOutRealm.filterLockedAccounts Foi feita uma tentativa de autenticação do usuário já bloqueado []
02-Mar-2024 16:31:40.950 WARNING [http-nio-8080-exec-23] org.apache.catalina.realm.LockOutRealm.filterLockedAccounts Foi feita uma tentativa de autenticação do usuário já bloqueado []
02-Mar-2024 16:32:06.460 WARNING [http-nio-8080-exec-21] org.apache.catalina.realm.LockOutRealm.filterLockedAccounts Foi feita uma tentativa de autenticação do usuário já bloqueado []
02-Mar-2024 16:35:24.791 WARNING [http-nio-8080-exec-26] org.apache.catalina.realm.LockOutRealm.filterLockedAccounts Foi feita uma tentativa de autenticação do usuário já bloqueado []
02-Mar-2024 16:35:48.380 WARNING [http-nio-8080-exec-21] org.apache.catalina.realm.LockOutRealm.filterLockedAccounts Foi feita uma tentativa de autenticação do usuário já bloqueado []
02-Mar-2024 16:36:03.632 WARNING [http-nio-8080-exec-23] org.apache.catalina.realm.LockOutRealm.filterLockedAccounts Foi feita uma tentativa de autenticação do usuário já bloqueado []
02-Mar-2024 16:37:21.003 WARNING [http-nio-8080-exec-26] org.apache.catalina.realm.LockOutRealm.filterLockedAccounts Foi feita uma tentativa de autenticação do usuário já bloqueado []
02-Mar-2024 16:37:43.634 WARNING [http-nio-8080-exec-26] org.apache.catalina.realm.LockOutRealm.filterLockedAccounts Foi feita uma tentativa de autenticação do usuário já bloqueado []
02-Mar-2024 16:38:15.260 WARNING [http-nio-8080-exec-27] org.apache.catalina.realm.LockOutRealm.filterLockedAccounts Foi feita uma tentativa de autenticação do usuário já bloqueado []
02-Mar-2024 16:39:09.908 WARNING [http-nio-8080-exec-24] org.apache.catalina.realm.LockOutRealm.filterLockedAccounts Foi feita uma tentativa de autenticação do usuário já bloqueado []
02-Mar-2024 16:39:29.449 WARNING [http-nio-8080-exec-28] org.apache.catalina.realm.LockOutRealm.filterLockedAccounts Foi feita uma tentativa de autenticação do usuário já bloqueado []
02-Mar-2024 16:39:54.343 WARNING [http-nio-8080-exec-30] org.apache.catalina.realm.LockOutRealm.filterLockedAccounts Foi feita uma tentativa de autenticação do usuário já bloqueado []
02-Mar-2024 16:40:16.617 WARNING [http-nio-8080-exec-28] org.apache.catalina.realm.LockOutRealm.filterLockedAccounts Foi feita uma tentativa de autenticação do usuário já bloqueado []
02-Mar-2024 16:40:50.224 WARNING [http-nio-8080-exec-28] org.apache.catalina.realm.LockOutRealm.filterLockedAccounts Foi feita uma tentativa de autenticação do usuário já bloqueado []
02-Mar-2024 16:42:28.649 WARNING [http-nio-8080-exec-22] org.apache.catalina.realm.LockOutRealm.filterLockedAccounts Foi feita uma tentativa de autenticação do usuário já bloqueado []
02-Mar-2024 16:43:34.510 WARNING [http-nio-8080-exec-22] org.apache.catalina.realm.LockOutRealm.filterLockedAccounts Foi feita uma tentativa de autenticação do usuário já bloqueado []
02-Mar-2024 16:44:11.147 WARNING [http-nio-8080-exec-23] org.apache.catalina.realm.LockOutRealm.filterLockedAccounts Foi feita uma tentativa de autenticação do usuário já bloqueado []
02-Mar-2024 16:44:47.547 WARNING [http-nio-8080-exec-21] org.apache.catalina.realm.LockOutRealm.filterLockedAccounts Foi feita uma tentativa de autenticação do usuário já bloqueado []
02-Mar-2024 16:44:56.325 WARNING [http-nio-8080-exec-21] org.apache.catalina.realm.LockOutRealm.filterLockedAccounts Foi feita uma tentativa de autenticação do usuário já bloqueado []
02-Mar-2024 16:45:03.668 WARNING [http-nio-8080-exec-21] org.apache.catalina.realm.LockOutRealm.filterLockedAccounts Foi feita uma tentativa de autenticação do usuário já bloqueado []
02-Mar-2024 16:45:10.599 WARNING [http-nio-8080-exec-25] org.apache.catalina.realm.LockOutRealm.filterLockedAccounts Foi feita uma tentativa de autenticação do usuário já bloqueado []
02-Mar-2024 16:45:50.631 WARNING [http-nio-8080-exec-28] org.apache.catalina.realm.LockOutRealm.filterLockedAccounts Foi feita uma tentativa de autenticação do usuário já bloqueado []
02-Mar-2024 16:46:01.419 WARNING [http-nio-8080-exec-21] org.apache.catalina.realm.LockOutRealm.filterLockedAccounts Foi feita uma tentativa de autenticação do usuário já bloqueado []
02-Mar-2024 16:46:51.229 WARNING [http-nio-8080-exec-27] org.apache.catalina.realm.LockOutRealm.filterLockedAccounts Foi feita uma tentativa de autenticação do usuário já bloqueado []
02-Mar-2024 16:47:05.107 WARNING [http-nio-8080-exec-24] org.apache.catalina.realm.LockOutRealm.filterLockedAccounts Foi feita uma tentativa de autenticação do usuário já bloqueado []
02-Mar-2024 16:47:16.871 WARNING [http-nio-8080-exec-24] org.apache.catalina.realm.LockOutRealm.filterLockedAccounts Foi feita uma tentativa de autenticação do usuário já bloqueado []
02-Mar-2024 16:47:23.815 WARNING [http-nio-8080-exec-26] org.apache.catalina.realm.LockOutRealm.filterLockedAccounts Foi feita uma tentativa de autenticação do usuário já bloqueado []
02-Mar-2024 16:47:33.419 WARNING [http-nio-8080-exec-29] org.apache.catalina.realm.LockOutRealm.filterLockedAccounts Foi feita uma tentativa de autenticação do usuário já bloqueado []
02-Mar-2024 16:47:44.275 WARNING [http-nio-8080-exec-30] org.apache.catalina.realm.LockOutRealm.filterLockedAccounts Foi feita uma tentativa de autenticação do usuário já bloqueado []
02-Mar-2024 16:48:09.999 WARNING [http-nio-8080-exec-26] org.apache.catalina.realm.LockOutRealm.filterLockedAccounts Foi feita uma tentativa de autenticação do usuário já bloqueado []
02-Mar-2024 16:48:22.990 WARNING [http-nio-8080-exec-24] org.apache.catalina.realm.LockOutRealm.filterLockedAccounts Foi feita uma tentativa de autenticação do usuário já bloqueado []
02-Mar-2024 16:48:40.819 WARNING [http-nio-8080-exec-24] org.apache.catalina.realm.LockOutRealm.filterLockedAccounts Foi feita uma tentativa de autenticação do usuário já bloqueado []
02-Mar-2024 16:48:51.518 WARNING [http-nio-8080-exec-24] org.apache.catalina.realm.LockOutRealm.filterLockedAccounts Foi feita uma tentativa de autenticação do usuário já bloqueado []
02-Mar-2024 16:49:44.610 WARNING [http-nio-8080-exec-23] org.apache.catalina.realm.LockOutRealm.filterLockedAccounts Foi feita uma tentativa de autenticação do usuário já bloqueado []
02-Mar-2024 16:50:00.713 WARNING [http-nio-8080-exec-24] org.apache.catalina.realm.LockOutRealm.filterLockedAccounts Foi feita uma tentativa de autenticação do usuário já bloqueado []
02-Mar-2024 16:50:08.062 WARNING [http-nio-8080-exec-28] org.apache.catalina.realm.LockOutRealm.filterLockedAccounts Foi feita uma tentativa de autenticação do usuário já bloqueado []
02-Mar-2024 16:50:12.997 WARNING [http-nio-8080-exec-27] org.apache.catalina.realm.LockOutRealm.filterLockedAccounts Foi feita uma tentativa de autenticação do usuário já bloqueado []
02-Mar-2024 16:50:49.484 WARNING [http-nio-8080-exec-21] org.apache.catalina.realm.LockOutRealm.filterLockedAccounts Foi feita uma tentativa de autenticação do usuário já bloqueado []
02-Mar-2024 16:51:09.896 WARNING [http-nio-8080-exec-26] org.apache.catalina.realm.LockOutRealm.filterLockedAccounts Foi feita uma tentativa de autenticação do usuário já bloqueado []
02-Mar-2024 16:51:25.950 WARNING [http-nio-8080-exec-27] org.apache.catalina.realm.LockOutRealm.filterLockedAccounts Foi feita uma tentativa de autenticação do usuário já bloqueado []
02-Mar-2024 16:51:51.649 WARNING [http-nio-8080-exec-27] org.apache.catalina.realm.LockOutRealm.filterLockedAccounts Foi feita uma tentativa de autenticação do usuário já bloqueado []
02-Mar-2024 16:52:21.923 WARNING [http-nio-8080-exec-30] org.apache.catalina.realm.LockOutRealm.filterLockedAccounts Foi feita uma tentativa de autenticação do usuário já bloqueado []
02-Mar-2024 16:52:38.896 WARNING [http-nio-8080-exec-22] org.apache.catalina.realm.LockOutRealm.filterLockedAccounts Foi feita uma tentativa de autenticação do usuário já bloqueado []
02-Mar-2024 16:52:49.684 WARNING [http-nio-8080-exec-29] org.apache.catalina.realm.LockOutRealm.filterLockedAccounts Foi feita uma tentativa de autenticação do usuário já bloqueado []
02-Mar-2024 16:53:08.849 WARNING [http-nio-8080-exec-30] org.apache.catalina.realm.LockOutRealm.filterLockedAccounts Foi feita uma tentativa de autenticação do usuário já bloqueado []
02-Mar-2024 16:53:17.170 WARNING [http-nio-8080-exec-21] org.apache.catalina.realm.LockOutRealm.filterLockedAccounts Foi feita uma tentativa de autenticação do usuário já bloqueado []
02-Mar-2024 16:53:38.819 WARNING [http-nio-8080-exec-21] org.apache.catalina.realm.LockOutRealm.filterLockedAccounts Foi feita uma tentativa de autenticação do usuário já bloqueado []
02-Mar-2024 16:53:44.856 WARNING [http-nio-8080-exec-29] org.apache.catalina.realm.LockOutRealm.filterLockedAccounts Foi feita uma tentativa de autenticação do usuário já bloqueado []
02-Mar-2024 16:53:52.763 WARNING [http-nio-8080-exec-23] org.apache.catalina.realm.LockOutRealm.filterLockedAccounts Foi feita uma tentativa de autenticação do usuário já bloqueado []
02-Mar-2024 16:54:52.013 WARNING [http-nio-8080-exec-21] org.apache.catalina.realm.LockOutRealm.filterLockedAccounts Foi feita uma tentativa de autenticação do usuário já bloqueado []
02-Mar-2024 16:56:41.997 WARNING [http-nio-8080-exec-24] org.apache.catalina.realm.LockOutRealm.filterLockedAccounts Foi feita uma tentativa de autenticação do usuário já bloqueado []
02-Mar-2024 17:03:32.372 INFO [http-nio-8080-exec-25] org.apache.catalina.core.StandardContext.reload Reloading Context with name [/agenda] has started
02-Mar-2024 17:03:32.417 INFO [http-nio-8080-exec-25] org.apache.catalina.core.StandardContext.reload Reloading Context with name [/agenda] is completed
02-Mar-2024 17:03:42.825 INFO [http-nio-8080-exec-24] org.apache.catalina.core.StandardContext.reload Reloading Context with name [/agenda] has started
02-Mar-2024 17:03:42.846 SEVERE [http-nio-8080-exec-24] org.apache.catalina.core.StandardContext.reload Exception starting Context with name [/agenda]
	org.apache.catalina.LifecycleException: Failed to start component [StandardEngine[Catalina].StandardHost[localhost].StandardContext[/agenda]]
		at org.apache.catalina.util.LifecycleBase.handleSubClassException(LifecycleBase.java:419)
		at org.apache.catalina.util.LifecycleBase.start(LifecycleBase.java:186)
		at org.apache.catalina.core.StandardContext.reload(StandardContext.java:3546)
		at org.apache.catalina.manager.ManagerServlet.reload(ManagerServlet.java:1050)
		at org.apache.catalina.manager.ManagerServlet.doGet(ManagerServlet.java:343)
		at jakarta.servlet.http.HttpServlet.service(HttpServlet.java:564)
		at jakarta.servlet.http.HttpServlet.service(HttpServlet.java:658)
		at org.apache.catalina.core.ApplicationFilterChain.internalDoFilter(ApplicationFilterChain.java:205)
		at org.apache.catalina.core.ApplicationFilterChain.doFilter(ApplicationFilterChain.java:149)
		at org.apache.tomcat.websocket.server.WsFilter.doFilter(WsFilter.java:51)
		at org.apache.catalina.core.ApplicationFilterChain.internalDoFilter(ApplicationFilterChain.java:174)
		at org.apache.catalina.core.ApplicationFilterChain.doFilter(ApplicationFilterChain.java:149)
		at org.apache.catalina.filters.HttpHeaderSecurityFilter.doFilter(HttpHeaderSecurityFilter.java:129)
		at org.apache.catalina.core.ApplicationFilterChain.internalDoFilter(ApplicationFilterChain.java:174)
		at org.apache.catalina.core.ApplicationFilterChain.doFilter(ApplicationFilterChain.java:149)
		at org.apache.catalina.core.StandardWrapperValve.invoke(StandardWrapperValve.java:167)
		at org.apache.catalina.core.StandardContextValve.invoke(StandardContextValve.java:90)
		at org.apache.catalina.authenticator.AuthenticatorBase.invoke(AuthenticatorBase.java:597)
		at org.apache.catalina.valves.RequestFilterValve.process(RequestFilterValve.java:355)
		at org.apache.catalina.valves.RemoteAddrValve.invoke(RemoteAddrValve.java:54)
		at org.apache.catalina.core.StandardHostValve.invoke(StandardHostValve.java:115)
		at org.apache.catalina.valves.ErrorReportValve.invoke(ErrorReportValve.java:93)
		at org.apache.catalina.valves.AbstractAccessLogValve.invoke(AbstractAccessLogValve.java:673)
		at org.apache.catalina.core.StandardEngineValve.invoke(StandardEngineValve.java:74)
		at org.apache.catalina.connector.CoyoteAdapter.service(CoyoteAdapter.java:340)
		at org.apache.coyote.http11.Http11Processor.service(Http11Processor.java:391)
		at org.apache.coyote.AbstractProcessorLight.process(AbstractProcessorLight.java:63)
		at org.apache.coyote.AbstractProtocol$ConnectionHandler.process(AbstractProtocol.java:896)
		at org.apache.tomcat.util.net.NioEndpoint$SocketProcessor.doRun(NioEndpoint.java:1744)
		at org.apache.tomcat.util.net.SocketProcessorBase.run(SocketProcessorBase.java:52)
		at org.apache.tomcat.util.threads.ThreadPoolExecutor.runWorker(ThreadPoolExecutor.java:1191)
		at org.apache.tomcat.util.threads.ThreadPoolExecutor$Worker.run(ThreadPoolExecutor.java:659)
		at org.apache.tomcat.util.threads.TaskThread$WrappingRunnable.run(TaskThread.java:61)
		at java.base/java.lang.Thread.run(Thread.java:1583)
	Caused by: java.lang.IllegalArgumentException: The servlets named [Controller] and [controller.Controller] are both mapped to the url-pattern [/Controller] which is not permitted
		at org.apache.tomcat.util.descriptor.web.WebXml.addServletMappingDecoded(WebXml.java:354)
		at org.apache.tomcat.util.descriptor.web.WebXml.addServletMapping(WebXml.java:347)
		at org.apache.catalina.startup.ContextConfig.processAnnotationWebServlet(ContextConfig.java:2674)
		at org.apache.catalina.startup.ContextConfig.processClass(ContextConfig.java:2357)
		at org.apache.catalina.startup.ContextConfig.processAnnotationsStream(ContextConfig.java:2346)
		at org.apache.catalina.startup.ContextConfig.processAnnotationsWebResource(ContextConfig.java:2247)
		at org.apache.catalina.startup.ContextConfig.processAnnotationsWebResource(ContextConfig.java:2241)
		at org.apache.catalina.startup.ContextConfig.processClasses(ContextConfig.java:1403)
		at org.apache.catalina.startup.ContextConfig.webConfig(ContextConfig.java:1308)
		at org.apache.catalina.startup.ContextConfig.configureStart(ContextConfig.java:991)
		at org.apache.catalina.startup.ContextConfig.lifecycleEvent(ContextConfig.java:304)
		at org.apache.catalina.util.LifecycleBase.fireLifecycleEvent(LifecycleBase.java:114)
		at org.apache.catalina.core.StandardContext.startInternal(StandardContext.java:4766)
		at org.apache.catalina.util.LifecycleBase.start(LifecycleBase.java:171)
		... 32 more
02-Mar-2024 17:03:43.097 INFO [http-nio-8080-exec-24] org.apache.catalina.core.StandardContext.reload Reloading Context with name [/agenda] is completed
02-Mar-2024 17:03:50.445 WARNING [http-nio-8080-exec-34] org.apache.catalina.realm.LockOutRealm.filterLockedAccounts Foi feita uma tentativa de autenticação do usuário já bloqueado []
02-Mar-2024 17:03:50.451 WARNING [http-nio-8080-exec-34] org.apache.catalina.realm.LockOutRealm.filterLockedAccounts Foi feita uma tentativa de autenticação do usuário já bloqueado []
02-Mar-2024 17:03:50.463 WARNING [http-nio-8080-exec-29] org.apache.catalina.realm.LockOutRealm.filterLockedAccounts Foi feita uma tentativa de autenticação do usuário já bloqueado []
02-Mar-2024 17:03:54.457 WARNING [http-nio-8080-exec-33] org.apache.catalina.realm.LockOutRealm.filterLockedAccounts Foi feita uma tentativa de autenticação do usuário já bloqueado []
02-Mar-2024 17:03:54.468 WARNING [http-nio-8080-exec-28] org.apache.catalina.realm.LockOutRealm.filterLockedAccounts Foi feita uma tentativa de autenticação do usuário já bloqueado []
02-Mar-2024 17:03:54.480 WARNING [http-nio-8080-exec-33] org.apache.catalina.realm.LockOutRealm.filterLockedAccounts Foi feita uma tentativa de autenticação do usuário já bloqueado []
02-Mar-2024 17:04:06.931 WARNING [http-nio-8080-exec-31] org.apache.catalina.realm.LockOutRealm.filterLockedAccounts Foi feita uma tentativa de autenticação do usuário já bloqueado []
02-Mar-2024 17:04:06.939 WARNING [http-nio-8080-exec-27] org.apache.catalina.realm.LockOutRealm.filterLockedAccounts Foi feita uma tentativa de autenticação do usuário já bloqueado []
02-Mar-2024 17:04:06.950 WARNING [http-nio-8080-exec-27] org.apache.catalina.realm.LockOutRealm.filterLockedAccounts Foi feita uma tentativa de autenticação do usuário já bloqueado []
02-Mar-2024 17:04:08.016 WARNING [http-nio-8080-exec-38] org.apache.catalina.realm.LockOutRealm.filterLockedAccounts Foi feita uma tentativa de autenticação do usuário já bloqueado []
02-Mar-2024 17:04:08.036 WARNING [http-nio-8080-exec-34] org.apache.catalina.realm.LockOutRealm.filterLockedAccounts Foi feita uma tentativa de autenticação do usuário já bloqueado []
02-Mar-2024 17:04:08.045 WARNING [http-nio-8080-exec-39] org.apache.catalina.realm.LockOutRealm.filterLockedAccounts Foi feita uma tentativa de autenticação do usuário já bloqueado []
02-Mar-2024 17:04:08.054 WARNING [http-nio-8080-exec-35] org.apache.catalina.realm.LockOutRealm.filterLockedAccounts Foi feita uma tentativa de autenticação do usuário já bloqueado []
02-Mar-2024 17:04:08.495 INFO [Catalina-utility-2] org.apache.catalina.startup.HostConfig.reload Reloading context [/agenda]
02-Mar-2024 17:04:08.495 INFO [Catalina-utility-2] org.apache.catalina.core.StandardContext.reload Reloading Context with name [/agenda] has started
02-Mar-2024 17:04:08.728 INFO [Catalina-utility-2] org.apache.catalina.core.StandardContext.reload Reloading Context with name [/agenda] is completed
02-Mar-2024 17:04:18.016 WARNING [http-nio-8080-exec-26] org.apache.catalina.realm.LockOutRealm.filterLockedAccounts Foi feita uma tentativa de autenticação do usuário já bloqueado []
02-Mar-2024 17:04:18.046 WARNING [http-nio-8080-exec-27] org.apache.catalina.realm.LockOutRealm.filterLockedAccounts Foi feita uma tentativa de autenticação do usuário já bloqueado []
02-Mar-2024 17:04:18.066 WARNING [http-nio-8080-exec-41] org.apache.catalina.realm.LockOutRealm.filterLockedAccounts Foi feita uma tentativa de autenticação do usuário já bloqueado []
02-Mar-2024 17:04:28.766 INFO [Catalina-utility-2] org.apache.catalina.startup.HostConfig.reload Reloading context [/agenda]
02-Mar-2024 17:04:28.784 SEVERE [Catalina-utility-2] org.apache.catalina.startup.HostConfig.reload Error during context [/agenda] restart
	org.apache.catalina.LifecycleException: Failed to start component [StandardEngine[Catalina].StandardHost[localhost].StandardContext[/agenda]]
		at org.apache.catalina.util.LifecycleBase.handleSubClassException(LifecycleBase.java:419)
		at org.apache.catalina.util.LifecycleBase.start(LifecycleBase.java:186)
		at org.apache.catalina.startup.HostConfig.reload(HostConfig.java:1493)
		at org.apache.catalina.startup.HostConfig.checkResources(HostConfig.java:1456)
		at org.apache.catalina.startup.HostConfig.check(HostConfig.java:1695)
		at org.apache.catalina.startup.HostConfig.lifecycleEvent(HostConfig.java:305)
		at org.apache.catalina.util.LifecycleBase.fireLifecycleEvent(LifecycleBase.java:114)
		at org.apache.catalina.core.ContainerBase.backgroundProcess(ContainerBase.java:1098)
		at org.apache.catalina.core.ContainerBase$ContainerBackgroundProcessor.processChildren(ContainerBase.java:1301)
		at org.apache.catalina.core.ContainerBase$ContainerBackgroundProcessor.processChildren(ContainerBase.java:1305)
		at org.apache.catalina.core.ContainerBase$ContainerBackgroundProcessor.run(ContainerBase.java:1283)
		at java.base/java.util.concurrent.Executors$RunnableAdapter.call(Executors.java:572)
		at java.base/java.util.concurrent.FutureTask.runAndReset(FutureTask.java:358)
		at java.base/java.util.concurrent.ScheduledThreadPoolExecutor$ScheduledFutureTask.run(ScheduledThreadPoolExecutor.java:305)
		at java.base/java.util.concurrent.ThreadPoolExecutor.runWorker(ThreadPoolExecutor.java:1144)
		at java.base/java.util.concurrent.ThreadPoolExecutor$Worker.run(ThreadPoolExecutor.java:642)
		at org.apache.tomcat.util.threads.TaskThread$WrappingRunnable.run(TaskThread.java:61)
		at java.base/java.lang.Thread.run(Thread.java:1583)
	Caused by: java.lang.IllegalArgumentException: The servlets named [Controller] and [controller.Controller] are both mapped to the url-pattern [/Controller] which is not permitted
		at org.apache.tomcat.util.descriptor.web.WebXml.addServletMappingDecoded(WebXml.java:354)
		at org.apache.tomcat.util.descriptor.web.WebXml.addServletMapping(WebXml.java:347)
		at org.apache.catalina.startup.ContextConfig.processAnnotationWebServlet(ContextConfig.java:2674)
		at org.apache.catalina.startup.ContextConfig.processClass(ContextConfig.java:2357)
		at org.apache.catalina.startup.ContextConfig.processAnnotationsStream(ContextConfig.java:2346)
		at org.apache.catalina.startup.ContextConfig.processAnnotationsWebResource(ContextConfig.java:2247)
		at org.apache.catalina.startup.ContextConfig.processAnnotationsWebResource(ContextConfig.java:2241)
		at org.apache.catalina.startup.ContextConfig.processClasses(ContextConfig.java:1403)
		at org.apache.catalina.startup.ContextConfig.webConfig(ContextConfig.java:1308)
		at org.apache.catalina.startup.ContextConfig.configureStart(ContextConfig.java:991)
		at org.apache.catalina.startup.ContextConfig.lifecycleEvent(ContextConfig.java:304)
		at org.apache.catalina.util.LifecycleBase.fireLifecycleEvent(LifecycleBase.java:114)
		at org.apache.catalina.core.StandardContext.startInternal(StandardContext.java:4766)
		at org.apache.catalina.util.LifecycleBase.start(LifecycleBase.java:171)
		... 16 more
02-Mar-2024 17:04:28.925 WARNING [http-nio-8080-exec-42] org.apache.catalina.realm.LockOutRealm.filterLockedAccounts Foi feita uma tentativa de autenticação do usuário já bloqueado []
02-Mar-2024 17:04:28.928 WARNING [http-nio-8080-exec-35] org.apache.catalina.realm.LockOutRealm.filterLockedAccounts Foi feita uma tentativa de autenticação do usuário já bloqueado []
02-Mar-2024 17:04:28.935 WARNING [http-nio-8080-exec-26] org.apache.catalina.realm.LockOutRealm.filterLockedAccounts Foi feita uma tentativa de autenticação do usuário já bloqueado []
02-Mar-2024 17:04:29.447 INFO [http-nio-8080-exec-29] org.apache.catalina.startup.HostConfig.undeploy Undeploying context [/agenda]
02-Mar-2024 17:04:29.455 WARNING [http-nio-8080-exec-27] org.apache.catalina.realm.LockOutRealm.filterLockedAccounts Foi feita uma tentativa de autenticação do usuário já bloqueado []
02-Mar-2024 17:04:29.464 INFO [http-nio-8080-exec-35] org.apache.catalina.startup.HostConfig.deployDescriptor Deploying deployment descriptor [E:\Linguagens\Java WEB\apache-tomcat-10.1.15\conf\Catalina\localhost\agenda.xml]
02-Mar-2024 17:04:29.466 WARNING [http-nio-8080-exec-35] org.apache.catalina.startup.HostConfig.deployDescriptor The path attribute with value [/agenda] in deployment descriptor [E:\Linguagens\Java WEB\apache-tomcat-10.1.15\conf\Catalina\localhost\agenda.xml] has been ignored
02-Mar-2024 17:04:29.515 INFO [http-nio-8080-exec-35] org.apache.catalina.startup.HostConfig.deployDescriptor Deployment of deployment descriptor [E:\Linguagens\Java WEB\apache-tomcat-10.1.15\conf\Catalina\localhost\agenda.xml] has finished in [50] ms
02-Mar-2024 17:04:29.517 WARNING [http-nio-8080-exec-33] org.apache.catalina.realm.LockOutRealm.filterLockedAccounts Foi feita uma tentativa de autenticação do usuário já bloqueado []
02-Mar-2024 17:04:29.522 INFO [http-nio-8080-exec-36] org.apache.catalina.util.LifecycleBase.start The start() method was called on component [StandardEngine[Catalina].StandardHost[localhost].StandardContext[/agenda]] after start() had already been called. The second call will be ignored.
02-Mar-2024 17:05:11.308 WARNING [http-nio-8080-exec-35] org.apache.catalina.realm.LockOutRealm.filterLockedAccounts Foi feita uma tentativa de autenticação do usuário já bloqueado []
02-Mar-2024 17:05:12.382 WARNING [http-nio-8080-exec-44] org.apache.catalina.realm.LockOutRealm.filterLockedAccounts Foi feita uma tentativa de autenticação do usuário já bloqueado []
02-Mar-2024 17:05:12.391 WARNING [http-nio-8080-exec-31] org.apache.catalina.realm.LockOutRealm.filterLockedAccounts Foi feita uma tentativa de autenticação do usuário já bloqueado []
02-Mar-2024 17:05:12.404 WARNING [http-nio-8080-exec-33] org.apache.catalina.realm.LockOutRealm.filterLockedAccounts Foi feita uma tentativa de autenticação do usuário já bloqueado []
02-Mar-2024 17:05:12.406 WARNING [http-nio-8080-exec-33] org.apache.catalina.realm.LockOutRealm.filterLockedAccounts Foi feita uma tentativa de autenticação do usuário já bloqueado []
02-Mar-2024 17:05:21.116 WARNING [http-nio-8080-exec-33] org.apache.catalina.realm.LockOutRealm.filterLockedAccounts Foi feita uma tentativa de autenticação do usuário já bloqueado []
02-Mar-2024 17:05:31.096 WARNING [http-nio-8080-exec-49] org.apache.catalina.realm.LockOutRealm.filterLockedAccounts Foi feita uma tentativa de autenticação do usuário já bloqueado []
02-Mar-2024 17:05:38.343 WARNING [http-nio-8080-exec-47] org.apache.catalina.realm.LockOutRealm.filterLockedAccounts Foi feita uma tentativa de autenticação do usuário já bloqueado []
02-Mar-2024 17:06:00.077 WARNING [http-nio-8080-exec-49] org.apache.catalina.realm.LockOutRealm.filterLockedAccounts Foi feita uma tentativa de autenticação do usuário já bloqueado []
02-Mar-2024 17:06:06.949 WARNING [http-nio-8080-exec-49] org.apache.catalina.realm.LockOutRealm.filterLockedAccounts Foi feita uma tentativa de autenticação do usuário já bloqueado []
02-Mar-2024 17:06:13.897 WARNING [http-nio-8080-exec-52] org.apache.catalina.realm.LockOutRealm.filterLockedAccounts Foi feita uma tentativa de autenticação do usuário já bloqueado []
02-Mar-2024 17:06:13.909 WARNING [http-nio-8080-exec-44] org.apache.catalina.realm.LockOutRealm.filterLockedAccounts Foi feita uma tentativa de autenticação do usuário já bloqueado []
02-Mar-2024 17:06:58.279 WARNING [http-nio-8080-exec-56] org.apache.catalina.realm.LockOutRealm.filterLockedAccounts Foi feita uma tentativa de autenticação do usuário já bloqueado []
02-Mar-2024 17:07:02.610 WARNING [http-nio-8080-exec-48] org.apache.catalina.realm.LockOutRealm.filterLockedAccounts Foi feita uma tentativa de autenticação do usuário já bloqueado []
02-Mar-2024 17:07:02.616 WARNING [http-nio-8080-exec-56] org.apache.catalina.realm.LockOutRealm.filterLockedAccounts Foi feita uma tentativa de autenticação do usuário já bloqueado []
02-Mar-2024 17:07:13.118 WARNING [http-nio-8080-exec-54] org.apache.catalina.realm.LockOutRealm.filterLockedAccounts Foi feita uma tentativa de autenticação do usuário já bloqueado []
02-Mar-2024 17:07:14.241 WARNING [http-nio-8080-exec-51] org.apache.catalina.realm.LockOutRealm.filterLockedAccounts Foi feita uma tentativa de autenticação do usuário já bloqueado []
02-Mar-2024 17:07:14.247 WARNING [http-nio-8080-exec-58] org.apache.catalina.realm.LockOutRealm.filterLockedAccounts Foi feita uma tentativa de autenticação do usuário já bloqueado []
02-Mar-2024 17:20:45.961 INFO [http-nio-8080-exec-48] org.apache.catalina.core.StandardContext.reload Reloading Context with name [/agenda] has started
02-Mar-2024 17:20:46.004 INFO [http-nio-8080-exec-48] org.apache.catalina.core.StandardContext.reload Reloading Context with name [/agenda] is completed
02-Mar-2024 17:20:59.498 INFO [http-nio-8080-exec-50] org.apache.catalina.core.StandardContext.reload Reloading Context with name [/agenda] has started
02-Mar-2024 17:20:59.783 INFO [http-nio-8080-exec-50] org.apache.catalina.core.StandardContext.reload Reloading Context with name [/agenda] is completed
02-Mar-2024 17:21:13.658 WARNING [http-nio-8080-exec-49] org.apache.catalina.realm.LockOutRealm.filterLockedAccounts Foi feita uma tentativa de autenticação do usuário já bloqueado []
02-Mar-2024 17:21:13.671 WARNING [http-nio-8080-exec-58] org.apache.catalina.realm.LockOutRealm.filterLockedAccounts Foi feita uma tentativa de autenticação do usuário já bloqueado []
02-Mar-2024 17:21:13.673 INFO [http-nio-8080-exec-58] org.apache.catalina.core.StandardContext.reload Reloading Context with name [/agenda] has started
02-Mar-2024 17:21:13.741 INFO [http-nio-8080-exec-58] org.apache.catalina.core.StandardContext.reload Reloading Context with name [/agenda] is completed
02-Mar-2024 17:22:05.942 WARNING [http-nio-8080-exec-65] org.apache.catalina.realm.LockOutRealm.filterLockedAccounts Foi feita uma tentativa de autenticação do usuário já bloqueado []
02-Mar-2024 17:22:05.952 WARNING [http-nio-8080-exec-55] org.apache.catalina.realm.LockOutRealm.filterLockedAccounts Foi feita uma tentativa de autenticação do usuário já bloqueado []
02-Mar-2024 17:22:05.956 INFO [http-nio-8080-exec-50] org.apache.catalina.core.StandardContext.reload Reloading Context with name [/agenda] has started
02-Mar-2024 17:22:05.992 INFO [http-nio-8080-exec-50] org.apache.catalina.core.StandardContext.reload Reloading Context with name [/agenda] is completed
02-Mar-2024 17:22:53.346 WARNING [http-nio-8080-exec-65] org.apache.catalina.realm.LockOutRealm.filterLockedAccounts Foi feita uma tentativa de autenticação do usuário já bloqueado []
02-Mar-2024 17:22:53.351 WARNING [http-nio-8080-exec-64] org.apache.catalina.realm.LockOutRealm.filterLockedAccounts Foi feita uma tentativa de autenticação do usuário já bloqueado []
02-Mar-2024 17:22:53.351 INFO [http-nio-8080-exec-65] org.apache.catalina.core.StandardContext.reload Reloading Context with name [/agenda] has started
02-Mar-2024 17:22:53.386 INFO [http-nio-8080-exec-65] org.apache.catalina.core.StandardContext.reload Reloading Context with name [/agenda] is completed
02-Mar-2024 17:23:04.118 WARNING [http-nio-8080-exec-66] org.apache.catalina.realm.LockOutRealm.filterLockedAccounts Foi feita uma tentativa de autenticação do usuário já bloqueado []
02-Mar-2024 17:23:04.123 WARNING [http-nio-8080-exec-59] org.apache.catalina.realm.LockOutRealm.filterLockedAccounts Foi feita uma tentativa de autenticação do usuário já bloqueado []
02-Mar-2024 17:23:04.125 INFO [http-nio-8080-exec-52] org.apache.catalina.core.StandardContext.reload Reloading Context with name [/agenda] has started
02-Mar-2024 17:23:04.156 INFO [http-nio-8080-exec-52] org.apache.catalina.core.StandardContext.reload Reloading Context with name [/agenda] is completed
02-Mar-2024 17:23:16.872 INFO [main] org.apache.catalina.core.StandardServer.await A valid shutdown command was received via the shutdown port. Stopping the Server instance.
02-Mar-2024 17:23:16.872 INFO [main] org.apache.coyote.AbstractProtocol.pause Pausing ProtocolHandler ["http-nio-8080"]
02-Mar-2024 17:23:16.878 INFO [main] org.apache.catalina.core.StandardService.stopInternal Stopping service [Catalina]
02-Mar-2024 17:23:16.892 INFO [main] org.apache.coyote.AbstractProtocol.stop Stopping ProtocolHandler ["http-nio-8080"]
02-Mar-2024 17:23:16.908 INFO [main] org.apache.coyote.AbstractProtocol.destroy Destroying ProtocolHandler ["http-nio-8080"]
