09-Mar-2024 12:02:56.973 INFO [main] org.apache.catalina.startup.VersionLoggerListener.log Server version name:   Apache Tomcat/10.1.15
09-Mar-2024 12:02:56.988 INFO [main] org.apache.catalina.startup.VersionLoggerListener.log Server built:          Oct 11 2023 23:38:40 UTC
09-Mar-2024 12:02:56.989 INFO [main] org.apache.catalina.startup.VersionLoggerListener.log Server version number: 10.1.15.0
09-Mar-2024 12:02:56.989 INFO [main] org.apache.catalina.startup.VersionLoggerListener.log OS Name:               Windows 10
09-Mar-2024 12:02:56.989 INFO [main] org.apache.catalina.startup.VersionLoggerListener.log OS Version:            10.0
09-Mar-2024 12:02:56.989 INFO [main] org.apache.catalina.startup.VersionLoggerListener.log Architecture:          amd64
09-Mar-2024 12:02:56.989 INFO [main] org.apache.catalina.startup.VersionLoggerListener.log Java Home:             E:\Java
09-Mar-2024 12:02:56.989 INFO [main] org.apache.catalina.startup.VersionLoggerListener.log JVM Version:           21.0.2+13-LTS-58
09-Mar-2024 12:02:56.990 INFO [main] org.apache.catalina.startup.VersionLoggerListener.log JVM Vendor:            Oracle Corporation
09-Mar-2024 12:02:56.996 INFO [main] org.apache.catalina.startup.VersionLoggerListener.log CATALINA_BASE:         E:\Linguagens\Java WEB\apache-tomcat-10.1.15
09-Mar-2024 12:02:56.996 INFO [main] org.apache.catalina.startup.VersionLoggerListener.log CATALINA_HOME:         E:\Linguagens\Java WEB\apache-tomcat-10.1.15
09-Mar-2024 12:02:57.012 INFO [main] org.apache.catalina.startup.VersionLoggerListener.log Command line argument: -Djava.util.logging.config.file=E:\Linguagens\Java WEB\apache-tomcat-10.1.15\conf\logging.properties
09-Mar-2024 12:02:57.013 INFO [main] org.apache.catalina.startup.VersionLoggerListener.log Command line argument: -Djava.util.logging.manager=org.apache.juli.ClassLoaderLogManager
09-Mar-2024 12:02:57.013 INFO [main] org.apache.catalina.startup.VersionLoggerListener.log Command line argument: -Djdk.tls.ephemeralDHKeySize=2048
09-Mar-2024 12:02:57.013 INFO [main] org.apache.catalina.startup.VersionLoggerListener.log Command line argument: -Djava.protocol.handler.pkgs=org.apache.catalina.webresources
09-Mar-2024 12:02:57.013 INFO [main] org.apache.catalina.startup.VersionLoggerListener.log Command line argument: --add-opens=java.base/java.lang=ALL-UNNAMED
09-Mar-2024 12:02:57.013 INFO [main] org.apache.catalina.startup.VersionLoggerListener.log Command line argument: --add-opens=java.base/java.io=ALL-UNNAMED
09-Mar-2024 12:02:57.013 INFO [main] org.apache.catalina.startup.VersionLoggerListener.log Command line argument: --add-opens=java.base/java.util=ALL-UNNAMED
09-Mar-2024 12:02:57.013 INFO [main] org.apache.catalina.startup.VersionLoggerListener.log Command line argument: --add-opens=java.base/java.util.concurrent=ALL-UNNAMED
09-Mar-2024 12:02:57.013 INFO [main] org.apache.catalina.startup.VersionLoggerListener.log Command line argument: --add-opens=java.rmi/sun.rmi.transport=ALL-UNNAMED
09-Mar-2024 12:02:57.014 INFO [main] org.apache.catalina.startup.VersionLoggerListener.log Command line argument: -Dcatalina.base=E:\Linguagens\Java WEB\apache-tomcat-10.1.15
09-Mar-2024 12:02:57.014 INFO [main] org.apache.catalina.startup.VersionLoggerListener.log Command line argument: -Dcatalina.home=E:\Linguagens\Java WEB\apache-tomcat-10.1.15
09-Mar-2024 12:02:57.014 INFO [main] org.apache.catalina.startup.VersionLoggerListener.log Command line argument: -Djava.io.tmpdir=E:\Linguagens\Java WEB\apache-tomcat-10.1.15\temp
09-Mar-2024 12:02:57.025 INFO [main] org.apache.catalina.core.AprLifecycleListener.lifecycleEvent The Apache Tomcat Native library which allows using OpenSSL was not found on the java.library.path: [E:\Java\bin;C:\WINDOWS\Sun\Java\bin;C:\WINDOWS\system32;C:\WINDOWS;C:\Program Files\Common Files\Oracle\Java\javapath;E:\Java\bin;C:\Program Files (x86)\Common Files\Oracle\Java\javapath;C:\Program Files (x86)\Intel\iCLS Client\;C:\Program Files\Intel\iCLS Client\;C:\WINDOWS\system32;C:\WINDOWS;C:\WINDOWS\System32\Wbem;C:\WINDOWS\System32\WindowsPowerShell\v1.0\;C:\Program Files\NVIDIA Corporation\NVIDIA NvDLISR;C:\Program Files (x86)\NVIDIA Corporation\PhysX\Common;C:\Program Files (x86)\Intel\Intel(R) Management Engine Components\DAL;C:\Program Files\Intel\Intel(R) Management Engine Components\DAL;C:\Program Files (x86)\Intel\Intel(R) Management Engine Components\IPT;C:\Program Files\Intel\Intel(R) Management Engine Components\IPT;C:\WINDOWS\System32\OpenSSH\;E:\Java\Java JDK\bin;E:\Git\cmd;C:\Windows\System32;C:\Users\Airosa\.console-ninja\.bin;C:\Users\Airosa\AppData\Local\Microsoft\WindowsApps;E:\Microsoft VS Code\bin;.]
09-Mar-2024 12:02:57.595 INFO [main] org.apache.coyote.AbstractProtocol.init Initializing ProtocolHandler ["http-nio-8080"]
09-Mar-2024 12:02:57.644 INFO [main] org.apache.catalina.startup.Catalina.load Server initialization in [1110] milliseconds
09-Mar-2024 12:02:57.993 INFO [main] org.apache.catalina.core.StandardService.startInternal Starting service [Catalina]
09-Mar-2024 12:02:57.994 INFO [main] org.apache.catalina.core.StandardEngine.startInternal Starting Servlet engine: [Apache Tomcat/10.1.15]
09-Mar-2024 12:02:58.008 INFO [main] org.apache.catalina.startup.HostConfig.deployDescriptor Deploying deployment descriptor [E:\Linguagens\Java WEB\apache-tomcat-10.1.15\conf\Catalina\localhost\agenda.xml]
09-Mar-2024 12:02:58.119 WARNING [main] org.apache.catalina.startup.HostConfig.deployDescriptor The path attribute with value [/agenda] in deployment descriptor [E:\Linguagens\Java WEB\apache-tomcat-10.1.15\conf\Catalina\localhost\agenda.xml] has been ignored
09-Mar-2024 12:02:59.539 INFO [main] org.apache.jasper.servlet.TldScanner.scanJars At least one JAR was scanned for TLDs yet contained no TLDs. Enable debug logging for this logger for a complete list of JARs that were scanned but no TLDs were found in them. Skipping unneeded JARs during scanning can improve startup time and JSP compilation time.
09-Mar-2024 12:02:59.624 INFO [main] org.apache.catalina.startup.HostConfig.deployDescriptor Deployment of deployment descriptor [E:\Linguagens\Java WEB\apache-tomcat-10.1.15\conf\Catalina\localhost\agenda.xml] has finished in [1.610] ms
09-Mar-2024 12:02:59.633 INFO [main] org.apache.catalina.startup.HostConfig.deployDescriptor Deploying deployment descriptor [E:\Linguagens\Java WEB\apache-tomcat-10.1.15\conf\Catalina\localhost\HelloTomcat.xml]
09-Mar-2024 12:02:59.633 WARNING [main] org.apache.catalina.startup.HostConfig.deployDescriptor The path attribute with value [/HelloTomcat] in deployment descriptor [E:\Linguagens\Java WEB\apache-tomcat-10.1.15\conf\Catalina\localhost\HelloTomcat.xml] has been ignored
09-Mar-2024 12:02:59.658 SEVERE [main] org.apache.catalina.startup.HostConfig.deployDescriptor Error deploying deployment descriptor [E:\Linguagens\Java WEB\apache-tomcat-10.1.15\conf\Catalina\localhost\HelloTomcat.xml]
	java.lang.IllegalStateException: Error starting child
		at org.apache.catalina.core.ContainerBase.addChildInternal(ContainerBase.java:686)
		at org.apache.catalina.core.ContainerBase.addChild(ContainerBase.java:658)
		at org.apache.catalina.core.StandardHost.addChild(StandardHost.java:712)
		at org.apache.catalina.startup.HostConfig.deployDescriptor(HostConfig.java:641)
		at org.apache.catalina.startup.HostConfig$DeployDescriptor.run(HostConfig.java:1930)
		at java.base/java.util.concurrent.Executors$RunnableAdapter.call(Executors.java:572)
		at java.base/java.util.concurrent.FutureTask.run(FutureTask.java:317)
		at org.apache.tomcat.util.threads.InlineExecutorService.execute(InlineExecutorService.java:75)
		at java.base/java.util.concurrent.AbstractExecutorService.submit(AbstractExecutorService.java:123)
		at org.apache.catalina.startup.HostConfig.deployDescriptors(HostConfig.java:534)
		at org.apache.catalina.startup.HostConfig.deployApps(HostConfig.java:424)
		at org.apache.catalina.startup.HostConfig.start(HostConfig.java:1659)
		at org.apache.catalina.startup.HostConfig.lifecycleEvent(HostConfig.java:309)
		at org.apache.catalina.util.LifecycleBase.fireLifecycleEvent(LifecycleBase.java:114)
		at org.apache.catalina.util.LifecycleBase.setStateInternal(LifecycleBase.java:402)
		at org.apache.catalina.util.LifecycleBase.setState(LifecycleBase.java:345)
		at org.apache.catalina.core.ContainerBase.startInternal(ContainerBase.java:893)
		at org.apache.catalina.core.StandardHost.startInternal(StandardHost.java:845)
		at org.apache.catalina.util.LifecycleBase.start(LifecycleBase.java:171)
		at org.apache.catalina.core.ContainerBase$StartChild.call(ContainerBase.java:1332)
		at org.apache.catalina.core.ContainerBase$StartChild.call(ContainerBase.java:1322)
		at java.base/java.util.concurrent.FutureTask.run(FutureTask.java:317)
		at org.apache.tomcat.util.threads.InlineExecutorService.execute(InlineExecutorService.java:75)
		at java.base/java.util.concurrent.AbstractExecutorService.submit(AbstractExecutorService.java:145)
		at org.apache.catalina.core.ContainerBase.startInternal(ContainerBase.java:866)
		at org.apache.catalina.core.StandardEngine.startInternal(StandardEngine.java:240)
		at org.apache.catalina.util.LifecycleBase.start(LifecycleBase.java:171)
		at org.apache.catalina.core.StandardService.startInternal(StandardService.java:433)
		at org.apache.catalina.util.LifecycleBase.start(LifecycleBase.java:171)
		at org.apache.catalina.core.StandardServer.startInternal(StandardServer.java:917)
		at org.apache.catalina.util.LifecycleBase.start(LifecycleBase.java:171)
		at org.apache.catalina.startup.Catalina.start(Catalina.java:795)
		at java.base/jdk.internal.reflect.DirectMethodHandleAccessor.invoke(DirectMethodHandleAccessor.java:103)
		at java.base/java.lang.reflect.Method.invoke(Method.java:580)
		at org.apache.catalina.startup.Bootstrap.start(Bootstrap.java:347)
		at org.apache.catalina.startup.Bootstrap.main(Bootstrap.java:478)
	Caused by: org.apache.catalina.LifecycleException: Failed to start component [org.apache.catalina.webresources.StandardRoot@7bc9e6ab]
		at org.apache.catalina.util.LifecycleBase.handleSubClassException(LifecycleBase.java:419)
		at org.apache.catalina.util.LifecycleBase.start(LifecycleBase.java:186)
		at org.apache.catalina.core.StandardContext.resourcesStart(StandardContext.java:4535)
		at org.apache.catalina.core.StandardContext.startInternal(StandardContext.java:4668)
		at org.apache.catalina.util.LifecycleBase.start(LifecycleBase.java:171)
		at org.apache.catalina.core.ContainerBase.addChildInternal(ContainerBase.java:683)
		... 35 more
	Caused by: java.lang.IllegalArgumentException: The main resource set specified [C:\Users\airos\Desktop\Linguagens\Java WEB\HelloTomcat\build\web] is not a directory or war file, or is not readable (it does not exist or permissions to access it are missing)
		at org.apache.catalina.webresources.StandardRoot.createMainResourceSet(StandardRoot.java:749)
		at org.apache.catalina.webresources.StandardRoot.startInternal(StandardRoot.java:707)
		at org.apache.catalina.util.LifecycleBase.start(LifecycleBase.java:171)
		... 39 more
09-Mar-2024 12:02:59.678 INFO [main] org.apache.catalina.startup.HostConfig.deployDescriptor Deployment of deployment descriptor [E:\Linguagens\Java WEB\apache-tomcat-10.1.15\conf\Catalina\localhost\HelloTomcat.xml] has finished in [53] ms
09-Mar-2024 12:02:59.680 INFO [main] org.apache.catalina.startup.HostConfig.deployDescriptor Deploying deployment descriptor [E:\Linguagens\Java WEB\apache-tomcat-10.1.15\conf\Catalina\localhost\Hello_Servlet.xml]
09-Mar-2024 12:02:59.750 WARNING [main] org.apache.catalina.startup.HostConfig.deployDescriptor The path attribute with value [/Hello_Servlet] in deployment descriptor [E:\Linguagens\Java WEB\apache-tomcat-10.1.15\conf\Catalina\localhost\Hello_Servlet.xml] has been ignored
09-Mar-2024 12:02:59.894 INFO [main] org.apache.catalina.startup.HostConfig.deployDescriptor Deployment of deployment descriptor [E:\Linguagens\Java WEB\apache-tomcat-10.1.15\conf\Catalina\localhost\Hello_Servlet.xml] has finished in [213] ms
09-Mar-2024 12:02:59.894 INFO [main] org.apache.catalina.startup.HostConfig.deployDirectory Diretório de instalação da aplicação web [E:\Linguagens\Java WEB\apache-tomcat-10.1.15\webapps\docs]
09-Mar-2024 12:02:59.998 INFO [main] org.apache.catalina.startup.HostConfig.deployDirectory Deployment of web application directory [E:\Linguagens\Java WEB\apache-tomcat-10.1.15\webapps\docs] has finished in [104] ms
09-Mar-2024 12:02:59.999 INFO [main] org.apache.catalina.startup.HostConfig.deployDirectory Diretório de instalação da aplicação web [E:\Linguagens\Java WEB\apache-tomcat-10.1.15\webapps\examples]
09-Mar-2024 12:03:02.048 INFO [main] org.apache.catalina.startup.HostConfig.deployDirectory Deployment of web application directory [E:\Linguagens\Java WEB\apache-tomcat-10.1.15\webapps\examples] has finished in [2.049] ms
09-Mar-2024 12:03:02.049 INFO [main] org.apache.catalina.startup.HostConfig.deployDirectory Diretório de instalação da aplicação web [E:\Linguagens\Java WEB\apache-tomcat-10.1.15\webapps\host-manager]
09-Mar-2024 12:03:02.222 INFO [main] org.apache.catalina.startup.HostConfig.deployDirectory Deployment of web application directory [E:\Linguagens\Java WEB\apache-tomcat-10.1.15\webapps\host-manager] has finished in [174] ms
09-Mar-2024 12:03:02.222 INFO [main] org.apache.catalina.startup.HostConfig.deployDirectory Diretório de instalação da aplicação web [E:\Linguagens\Java WEB\apache-tomcat-10.1.15\webapps\manager]
09-Mar-2024 12:03:02.324 INFO [main] org.apache.catalina.startup.HostConfig.deployDirectory Deployment of web application directory [E:\Linguagens\Java WEB\apache-tomcat-10.1.15\webapps\manager] has finished in [102] ms
09-Mar-2024 12:03:02.324 INFO [main] org.apache.catalina.startup.HostConfig.deployDirectory Diretório de instalação da aplicação web [E:\Linguagens\Java WEB\apache-tomcat-10.1.15\webapps\ROOT]
09-Mar-2024 12:03:02.408 INFO [main] org.apache.catalina.startup.HostConfig.deployDirectory Deployment of web application directory [E:\Linguagens\Java WEB\apache-tomcat-10.1.15\webapps\ROOT] has finished in [84] ms
09-Mar-2024 12:03:02.434 INFO [main] org.apache.coyote.AbstractProtocol.start Starting ProtocolHandler ["http-nio-8080"]
09-Mar-2024 12:03:03.483 INFO [main] org.apache.catalina.startup.Catalina.start Server startup in [5837] milliseconds
09-Mar-2024 12:03:18.024 INFO [http-nio-8080-exec-1] org.apache.catalina.core.StandardContext.reload Reloading Context with name [/agenda] has started
09-Mar-2024 12:03:18.857 INFO [http-nio-8080-exec-1] org.apache.jasper.servlet.TldScanner.scanJars At least one JAR was scanned for TLDs yet contained no TLDs. Enable debug logging for this logger for a complete list of JARs that were scanned but no TLDs were found in them. Skipping unneeded JARs during scanning can improve startup time and JSP compilation time.
09-Mar-2024 12:03:18.860 INFO [http-nio-8080-exec-1] org.apache.catalina.core.StandardContext.reload Reloading Context with name [/agenda] is completed
09-Mar-2024 13:03:42.265 WARNING [http-nio-8080-exec-17] org.apache.catalina.realm.LockOutRealm.filterLockedAccounts Foi feita uma tentativa de autenticação do usuário já bloqueado []
09-Mar-2024 13:05:24.794 WARNING [http-nio-8080-exec-11] org.apache.catalina.realm.LockOutRealm.filterLockedAccounts Foi feita uma tentativa de autenticação do usuário já bloqueado []
09-Mar-2024 13:05:38.963 WARNING [http-nio-8080-exec-19] org.apache.catalina.realm.LockOutRealm.filterLockedAccounts Foi feita uma tentativa de autenticação do usuário já bloqueado []
09-Mar-2024 13:05:46.409 WARNING [http-nio-8080-exec-17] org.apache.catalina.realm.LockOutRealm.filterLockedAccounts Foi feita uma tentativa de autenticação do usuário já bloqueado []
09-Mar-2024 13:06:09.890 WARNING [http-nio-8080-exec-20] org.apache.catalina.realm.LockOutRealm.filterLockedAccounts Foi feita uma tentativa de autenticação do usuário já bloqueado []
09-Mar-2024 13:07:11.719 WARNING [http-nio-8080-exec-17] org.apache.catalina.realm.LockOutRealm.filterLockedAccounts Foi feita uma tentativa de autenticação do usuário já bloqueado []
09-Mar-2024 13:08:09.674 WARNING [http-nio-8080-exec-15] org.apache.catalina.realm.LockOutRealm.filterLockedAccounts Foi feita uma tentativa de autenticação do usuário já bloqueado []
09-Mar-2024 13:08:09.762 WARNING [http-nio-8080-exec-18] org.apache.catalina.realm.LockOutRealm.filterLockedAccounts Foi feita uma tentativa de autenticação do usuário já bloqueado []
09-Mar-2024 13:09:36.950 WARNING [http-nio-8080-exec-13] org.apache.catalina.realm.LockOutRealm.filterLockedAccounts Foi feita uma tentativa de autenticação do usuário já bloqueado []
09-Mar-2024 13:09:42.136 WARNING [http-nio-8080-exec-15] org.apache.catalina.realm.LockOutRealm.filterLockedAccounts Foi feita uma tentativa de autenticação do usuário já bloqueado []
09-Mar-2024 13:10:33.874 WARNING [http-nio-8080-exec-12] org.apache.catalina.realm.LockOutRealm.filterLockedAccounts Foi feita uma tentativa de autenticação do usuário já bloqueado []
09-Mar-2024 13:11:04.165 WARNING [http-nio-8080-exec-12] org.apache.catalina.realm.LockOutRealm.filterLockedAccounts Foi feita uma tentativa de autenticação do usuário já bloqueado []
09-Mar-2024 13:11:35.047 WARNING [http-nio-8080-exec-18] org.apache.catalina.realm.LockOutRealm.filterLockedAccounts Foi feita uma tentativa de autenticação do usuário já bloqueado []
09-Mar-2024 13:11:35.057 WARNING [http-nio-8080-exec-12] org.apache.catalina.realm.LockOutRealm.filterLockedAccounts Foi feita uma tentativa de autenticação do usuário já bloqueado []
09-Mar-2024 13:12:16.838 WARNING [http-nio-8080-exec-14] org.apache.catalina.realm.LockOutRealm.filterLockedAccounts Foi feita uma tentativa de autenticação do usuário já bloqueado []
09-Mar-2024 13:12:29.600 WARNING [http-nio-8080-exec-19] org.apache.catalina.realm.LockOutRealm.filterLockedAccounts Foi feita uma tentativa de autenticação do usuário já bloqueado []
09-Mar-2024 13:12:29.612 WARNING [http-nio-8080-exec-19] org.apache.catalina.realm.LockOutRealm.filterLockedAccounts Foi feita uma tentativa de autenticação do usuário já bloqueado []
09-Mar-2024 13:12:41.456 WARNING [http-nio-8080-exec-17] org.apache.catalina.realm.LockOutRealm.filterLockedAccounts Foi feita uma tentativa de autenticação do usuário já bloqueado []
09-Mar-2024 13:12:59.079 WARNING [http-nio-8080-exec-11] org.apache.catalina.realm.LockOutRealm.filterLockedAccounts Foi feita uma tentativa de autenticação do usuário já bloqueado []
09-Mar-2024 13:13:06.719 WARNING [http-nio-8080-exec-15] org.apache.catalina.realm.LockOutRealm.filterLockedAccounts Foi feita uma tentativa de autenticação do usuário já bloqueado []
09-Mar-2024 13:13:13.554 WARNING [http-nio-8080-exec-20] org.apache.catalina.realm.LockOutRealm.filterLockedAccounts Foi feita uma tentativa de autenticação do usuário já bloqueado []
09-Mar-2024 13:13:19.052 WARNING [http-nio-8080-exec-11] org.apache.catalina.realm.LockOutRealm.filterLockedAccounts Foi feita uma tentativa de autenticação do usuário já bloqueado []
09-Mar-2024 13:15:08.865 WARNING [http-nio-8080-exec-16] org.apache.catalina.realm.LockOutRealm.filterLockedAccounts Foi feita uma tentativa de autenticação do usuário já bloqueado []
09-Mar-2024 13:16:19.470 WARNING [http-nio-8080-exec-11] org.apache.catalina.realm.LockOutRealm.filterLockedAccounts Foi feita uma tentativa de autenticação do usuário já bloqueado []
09-Mar-2024 13:16:37.346 WARNING [http-nio-8080-exec-20] org.apache.catalina.realm.LockOutRealm.filterLockedAccounts Foi feita uma tentativa de autenticação do usuário já bloqueado []
09-Mar-2024 13:19:39.485 WARNING [http-nio-8080-exec-15] org.apache.catalina.realm.LockOutRealm.filterLockedAccounts Foi feita uma tentativa de autenticação do usuário já bloqueado []
09-Mar-2024 13:23:30.873 WARNING [http-nio-8080-exec-15] org.apache.catalina.realm.LockOutRealm.filterLockedAccounts Foi feita uma tentativa de autenticação do usuário já bloqueado []
09-Mar-2024 13:23:53.408 WARNING [http-nio-8080-exec-14] org.apache.catalina.realm.LockOutRealm.filterLockedAccounts Foi feita uma tentativa de autenticação do usuário já bloqueado []
09-Mar-2024 13:24:17.141 WARNING [http-nio-8080-exec-20] org.apache.catalina.realm.LockOutRealm.filterLockedAccounts Foi feita uma tentativa de autenticação do usuário já bloqueado []
09-Mar-2024 13:24:17.155 WARNING [http-nio-8080-exec-12] org.apache.catalina.realm.LockOutRealm.filterLockedAccounts Foi feita uma tentativa de autenticação do usuário já bloqueado []
09-Mar-2024 13:24:17.161 WARNING [http-nio-8080-exec-12] org.apache.catalina.loader.WebappClassLoaderBase.clearReferencesJdbc The web application [agenda] registered the JDBC driver [com.mysql.cj.jdbc.Driver] but failed to unregister it when the web application was stopped. To prevent a memory leak, the JDBC Driver has been forcibly unregistered.
09-Mar-2024 13:24:17.161 WARNING [http-nio-8080-exec-12] org.apache.catalina.loader.WebappClassLoaderBase.clearReferencesThreads The web application [agenda] appears to have started a thread named [mysql-cj-abandoned-connection-cleanup] but has failed to stop it. This is very likely to create a memory leak. Stack trace of thread:
 java.base/jdk.internal.misc.Unsafe.park(Native Method)
 java.base/java.util.concurrent.locks.LockSupport.parkNanos(LockSupport.java:269)
 java.base/java.util.concurrent.locks.AbstractQueuedSynchronizer$ConditionObject.await(AbstractQueuedSynchronizer.java:1847)
 java.base/java.lang.ref.ReferenceQueue.await(ReferenceQueue.java:71)
 java.base/java.lang.ref.ReferenceQueue.remove0(ReferenceQueue.java:143)
 java.base/java.lang.ref.ReferenceQueue.remove(ReferenceQueue.java:218)
 com.mysql.cj.jdbc.AbandonedConnectionCleanupThread.run(AbandonedConnectionCleanupThread.java:93)
 java.base/java.util.concurrent.ThreadPoolExecutor.runWorker(ThreadPoolExecutor.java:1144)
 java.base/java.util.concurrent.ThreadPoolExecutor$Worker.run(ThreadPoolExecutor.java:642)
 java.base/java.lang.Thread.run(Thread.java:1583)
09-Mar-2024 13:24:17.183 WARNING [http-nio-8080-exec-17] org.apache.catalina.realm.LockOutRealm.filterLockedAccounts Foi feita uma tentativa de autenticação do usuário já bloqueado []
09-Mar-2024 13:24:17.675 INFO [http-nio-8080-exec-17] org.apache.jasper.servlet.TldScanner.scanJars At least one JAR was scanned for TLDs yet contained no TLDs. Enable debug logging for this logger for a complete list of JARs that were scanned but no TLDs were found in them. Skipping unneeded JARs during scanning can improve startup time and JSP compilation time.
09-Mar-2024 13:24:19.294 INFO [Catalina-utility-2] org.apache.catalina.startup.HostConfig.reload Reloading context [/agenda]
09-Mar-2024 13:24:19.294 INFO [Catalina-utility-2] org.apache.catalina.core.StandardContext.reload Reloading Context with name [/agenda] has started
09-Mar-2024 13:24:19.388 INFO [mysql-cj-abandoned-connection-cleanup] org.apache.catalina.loader.WebappClassLoaderBase.checkStateForResourceLoading Illegal access: this web application instance has been stopped already. Could not load []. The following stack trace is thrown for debugging purposes as well as to attempt to terminate the thread which caused the illegal access.
	java.lang.IllegalStateException: Illegal access: this web application instance has been stopped already. Could not load []. The following stack trace is thrown for debugging purposes as well as to attempt to terminate the thread which caused the illegal access.
		at org.apache.catalina.loader.WebappClassLoaderBase.checkStateForResourceLoading(WebappClassLoaderBase.java:1373)
		at org.apache.catalina.loader.WebappClassLoaderBase.getResource(WebappClassLoaderBase.java:971)
		at com.mysql.cj.jdbc.AbandonedConnectionCleanupThread.checkThreadContextClassLoader(AbandonedConnectionCleanupThread.java:125)
		at com.mysql.cj.jdbc.AbandonedConnectionCleanupThread.run(AbandonedConnectionCleanupThread.java:92)
		at java.base/java.util.concurrent.ThreadPoolExecutor.runWorker(ThreadPoolExecutor.java:1144)
		at java.base/java.util.concurrent.ThreadPoolExecutor$Worker.run(ThreadPoolExecutor.java:642)
		at java.base/java.lang.Thread.run(Thread.java:1583)
09-Mar-2024 13:24:19.718 INFO [Catalina-utility-2] org.apache.jasper.servlet.TldScanner.scanJars At least one JAR was scanned for TLDs yet contained no TLDs. Enable debug logging for this logger for a complete list of JARs that were scanned but no TLDs were found in them. Skipping unneeded JARs during scanning can improve startup time and JSP compilation time.
09-Mar-2024 13:24:19.720 INFO [Catalina-utility-2] org.apache.catalina.core.StandardContext.reload Reloading Context with name [/agenda] is completed
09-Mar-2024 13:25:01.069 WARNING [http-nio-8080-exec-20] org.apache.catalina.realm.LockOutRealm.filterLockedAccounts Foi feita uma tentativa de autenticação do usuário já bloqueado []
09-Mar-2024 13:25:01.077 WARNING [http-nio-8080-exec-20] org.apache.catalina.realm.LockOutRealm.filterLockedAccounts Foi feita uma tentativa de autenticação do usuário já bloqueado []
09-Mar-2024 13:25:01.083 INFO [http-nio-8080-exec-20] org.apache.catalina.core.StandardContext.reload Reloading Context with name [/agenda] has started
09-Mar-2024 13:25:02.270 INFO [http-nio-8080-exec-20] org.apache.jasper.servlet.TldScanner.scanJars At least one JAR was scanned for TLDs yet contained no TLDs. Enable debug logging for this logger for a complete list of JARs that were scanned but no TLDs were found in them. Skipping unneeded JARs during scanning can improve startup time and JSP compilation time.
09-Mar-2024 13:25:02.272 INFO [http-nio-8080-exec-20] org.apache.catalina.core.StandardContext.reload Reloading Context with name [/agenda] is completed
09-Mar-2024 13:26:23.703 WARNING [http-nio-8080-exec-14] org.apache.catalina.realm.LockOutRealm.filterLockedAccounts Foi feita uma tentativa de autenticação do usuário já bloqueado []
09-Mar-2024 13:26:23.712 WARNING [http-nio-8080-exec-18] org.apache.catalina.realm.LockOutRealm.filterLockedAccounts Foi feita uma tentativa de autenticação do usuário já bloqueado []
09-Mar-2024 13:26:23.715 INFO [http-nio-8080-exec-18] org.apache.catalina.core.StandardContext.reload Reloading Context with name [/agenda] has started
09-Mar-2024 13:26:24.107 INFO [http-nio-8080-exec-18] org.apache.jasper.servlet.TldScanner.scanJars At least one JAR was scanned for TLDs yet contained no TLDs. Enable debug logging for this logger for a complete list of JARs that were scanned but no TLDs were found in them. Skipping unneeded JARs during scanning can improve startup time and JSP compilation time.
09-Mar-2024 13:26:24.110 INFO [http-nio-8080-exec-18] org.apache.catalina.core.StandardContext.reload Reloading Context with name [/agenda] is completed
09-Mar-2024 13:27:01.521 WARNING [http-nio-8080-exec-22] org.apache.catalina.realm.LockOutRealm.filterLockedAccounts Foi feita uma tentativa de autenticação do usuário já bloqueado []
09-Mar-2024 13:27:01.546 WARNING [http-nio-8080-exec-18] org.apache.catalina.realm.LockOutRealm.filterLockedAccounts Foi feita uma tentativa de autenticação do usuário já bloqueado []
09-Mar-2024 13:27:01.549 INFO [http-nio-8080-exec-18] org.apache.catalina.core.StandardContext.reload Reloading Context with name [/agenda] has started
09-Mar-2024 13:27:01.912 INFO [http-nio-8080-exec-18] org.apache.jasper.servlet.TldScanner.scanJars At least one JAR was scanned for TLDs yet contained no TLDs. Enable debug logging for this logger for a complete list of JARs that were scanned but no TLDs were found in them. Skipping unneeded JARs during scanning can improve startup time and JSP compilation time.
09-Mar-2024 13:27:01.914 INFO [http-nio-8080-exec-18] org.apache.catalina.core.StandardContext.reload Reloading Context with name [/agenda] is completed
09-Mar-2024 13:27:24.936 WARNING [http-nio-8080-exec-23] org.apache.catalina.realm.LockOutRealm.filterLockedAccounts Foi feita uma tentativa de autenticação do usuário já bloqueado []
09-Mar-2024 13:27:24.942 WARNING [http-nio-8080-exec-25] org.apache.catalina.realm.LockOutRealm.filterLockedAccounts Foi feita uma tentativa de autenticação do usuário já bloqueado []
09-Mar-2024 13:27:24.946 INFO [http-nio-8080-exec-13] org.apache.catalina.core.StandardContext.reload Reloading Context with name [/agenda] has started
09-Mar-2024 13:27:26.613 INFO [http-nio-8080-exec-13] org.apache.jasper.servlet.TldScanner.scanJars At least one JAR was scanned for TLDs yet contained no TLDs. Enable debug logging for this logger for a complete list of JARs that were scanned but no TLDs were found in them. Skipping unneeded JARs during scanning can improve startup time and JSP compilation time.
09-Mar-2024 13:27:26.613 INFO [http-nio-8080-exec-13] org.apache.catalina.core.StandardContext.reload Reloading Context with name [/agenda] is completed
09-Mar-2024 13:28:03.222 WARNING [http-nio-8080-exec-32] org.apache.catalina.realm.LockOutRealm.filterLockedAccounts Foi feita uma tentativa de autenticação do usuário já bloqueado []
09-Mar-2024 13:28:03.231 WARNING [http-nio-8080-exec-32] org.apache.catalina.realm.LockOutRealm.filterLockedAccounts Foi feita uma tentativa de autenticação do usuário já bloqueado []
09-Mar-2024 13:28:03.234 INFO [http-nio-8080-exec-32] org.apache.catalina.core.StandardContext.reload Reloading Context with name [/agenda] has started
09-Mar-2024 13:28:03.236 WARNING [http-nio-8080-exec-32] org.apache.catalina.loader.WebappClassLoaderBase.clearReferencesJdbc The web application [agenda] registered the JDBC driver [com.mysql.cj.jdbc.Driver] but failed to unregister it when the web application was stopped. To prevent a memory leak, the JDBC Driver has been forcibly unregistered.
09-Mar-2024 13:28:03.236 WARNING [http-nio-8080-exec-32] org.apache.catalina.loader.WebappClassLoaderBase.clearReferencesThreads The web application [agenda] appears to have started a thread named [mysql-cj-abandoned-connection-cleanup] but has failed to stop it. This is very likely to create a memory leak. Stack trace of thread:
 java.base/jdk.internal.misc.Unsafe.park(Native Method)
 java.base/java.util.concurrent.locks.LockSupport.parkNanos(LockSupport.java:269)
 java.base/java.util.concurrent.locks.AbstractQueuedSynchronizer$ConditionObject.await(AbstractQueuedSynchronizer.java:1847)
 java.base/java.lang.ref.ReferenceQueue.await(ReferenceQueue.java:71)
 java.base/java.lang.ref.ReferenceQueue.remove0(ReferenceQueue.java:143)
 java.base/java.lang.ref.ReferenceQueue.remove(ReferenceQueue.java:218)
 com.mysql.cj.jdbc.AbandonedConnectionCleanupThread.run(AbandonedConnectionCleanupThread.java:93)
 java.base/java.util.concurrent.ThreadPoolExecutor.runWorker(ThreadPoolExecutor.java:1144)
 java.base/java.util.concurrent.ThreadPoolExecutor$Worker.run(ThreadPoolExecutor.java:642)
 java.base/java.lang.Thread.run(Thread.java:1583)
09-Mar-2024 13:28:03.531 INFO [mysql-cj-abandoned-connection-cleanup] org.apache.catalina.loader.WebappClassLoaderBase.checkStateForResourceLoading Illegal access: this web application instance has been stopped already. Could not load []. The following stack trace is thrown for debugging purposes as well as to attempt to terminate the thread which caused the illegal access.
	java.lang.IllegalStateException: Illegal access: this web application instance has been stopped already. Could not load []. The following stack trace is thrown for debugging purposes as well as to attempt to terminate the thread which caused the illegal access.
		at org.apache.catalina.loader.WebappClassLoaderBase.checkStateForResourceLoading(WebappClassLoaderBase.java:1373)
		at org.apache.catalina.loader.WebappClassLoaderBase.getResource(WebappClassLoaderBase.java:971)
		at com.mysql.cj.jdbc.AbandonedConnectionCleanupThread.checkThreadContextClassLoader(AbandonedConnectionCleanupThread.java:125)
		at com.mysql.cj.jdbc.AbandonedConnectionCleanupThread.run(AbandonedConnectionCleanupThread.java:92)
		at java.base/java.util.concurrent.ThreadPoolExecutor.runWorker(ThreadPoolExecutor.java:1144)
		at java.base/java.util.concurrent.ThreadPoolExecutor$Worker.run(ThreadPoolExecutor.java:642)
		at java.base/java.lang.Thread.run(Thread.java:1583)
09-Mar-2024 13:28:03.531 INFO [mysql-cj-abandoned-connection-cleanup] org.apache.catalina.loader.WebappClassLoaderBase.checkStateForResourceLoading Illegal access: this web application instance has been stopped already. Could not load []. The following stack trace is thrown for debugging purposes as well as to attempt to terminate the thread which caused the illegal access.
	java.lang.IllegalStateException: Illegal access: this web application instance has been stopped already. Could not load []. The following stack trace is thrown for debugging purposes as well as to attempt to terminate the thread which caused the illegal access.
		at org.apache.catalina.loader.WebappClassLoaderBase.checkStateForResourceLoading(WebappClassLoaderBase.java:1373)
		at org.apache.catalina.loader.WebappClassLoaderBase.getResource(WebappClassLoaderBase.java:971)
		at com.mysql.cj.jdbc.AbandonedConnectionCleanupThread.checkThreadContextClassLoader(AbandonedConnectionCleanupThread.java:125)
		at com.mysql.cj.jdbc.AbandonedConnectionCleanupThread.run(AbandonedConnectionCleanupThread.java:92)
		at java.base/java.util.concurrent.ThreadPoolExecutor.runWorker(ThreadPoolExecutor.java:1144)
		at java.base/java.util.concurrent.ThreadPoolExecutor$Worker.run(ThreadPoolExecutor.java:642)
		at java.base/java.lang.Thread.run(Thread.java:1583)
09-Mar-2024 13:28:03.532 INFO [mysql-cj-abandoned-connection-cleanup] org.apache.catalina.loader.WebappClassLoaderBase.checkStateForResourceLoading Illegal access: this web application instance has been stopped already. Could not load []. The following stack trace is thrown for debugging purposes as well as to attempt to terminate the thread which caused the illegal access.
	java.lang.IllegalStateException: Illegal access: this web application instance has been stopped already. Could not load []. The following stack trace is thrown for debugging purposes as well as to attempt to terminate the thread which caused the illegal access.
		at org.apache.catalina.loader.WebappClassLoaderBase.checkStateForResourceLoading(WebappClassLoaderBase.java:1373)
		at org.apache.catalina.loader.WebappClassLoaderBase.getResource(WebappClassLoaderBase.java:971)
		at com.mysql.cj.jdbc.AbandonedConnectionCleanupThread.checkThreadContextClassLoader(AbandonedConnectionCleanupThread.java:125)
		at com.mysql.cj.jdbc.AbandonedConnectionCleanupThread.run(AbandonedConnectionCleanupThread.java:92)
		at java.base/java.util.concurrent.ThreadPoolExecutor.runWorker(ThreadPoolExecutor.java:1144)
		at java.base/java.util.concurrent.ThreadPoolExecutor$Worker.run(ThreadPoolExecutor.java:642)
		at java.base/java.lang.Thread.run(Thread.java:1583)
09-Mar-2024 13:28:03.625 INFO [http-nio-8080-exec-32] org.apache.jasper.servlet.TldScanner.scanJars At least one JAR was scanned for TLDs yet contained no TLDs. Enable debug logging for this logger for a complete list of JARs that were scanned but no TLDs were found in them. Skipping unneeded JARs during scanning can improve startup time and JSP compilation time.
09-Mar-2024 13:28:03.627 INFO [http-nio-8080-exec-32] org.apache.catalina.core.StandardContext.reload Reloading Context with name [/agenda] is completed
09-Mar-2024 13:28:32.846 INFO [main] org.apache.catalina.core.StandardServer.await A valid shutdown command was received via the shutdown port. Stopping the Server instance.
09-Mar-2024 13:28:32.847 INFO [main] org.apache.coyote.AbstractProtocol.pause Pausing ProtocolHandler ["http-nio-8080"]
09-Mar-2024 13:28:32.849 INFO [main] org.apache.catalina.core.StandardService.stopInternal Stopping service [Catalina]
09-Mar-2024 13:28:33.117 WARNING [main] org.apache.catalina.loader.WebappClassLoaderBase.clearReferencesJdbc The web application [agenda] registered the JDBC driver [com.mysql.cj.jdbc.Driver] but failed to unregister it when the web application was stopped. To prevent a memory leak, the JDBC Driver has been forcibly unregistered.
09-Mar-2024 13:28:33.118 WARNING [main] org.apache.catalina.loader.WebappClassLoaderBase.clearReferencesThreads The web application [agenda] appears to have started a thread named [mysql-cj-abandoned-connection-cleanup] but has failed to stop it. This is very likely to create a memory leak. Stack trace of thread:
 java.base/jdk.internal.misc.Unsafe.park(Native Method)
 java.base/java.util.concurrent.locks.LockSupport.parkNanos(LockSupport.java:269)
 java.base/java.util.concurrent.locks.AbstractQueuedSynchronizer$ConditionObject.await(AbstractQueuedSynchronizer.java:1847)
 java.base/java.lang.ref.ReferenceQueue.await(ReferenceQueue.java:71)
 java.base/java.lang.ref.ReferenceQueue.remove0(ReferenceQueue.java:143)
 java.base/java.lang.ref.ReferenceQueue.remove(ReferenceQueue.java:218)
 com.mysql.cj.jdbc.AbandonedConnectionCleanupThread.run(AbandonedConnectionCleanupThread.java:93)
 java.base/java.util.concurrent.ThreadPoolExecutor.runWorker(ThreadPoolExecutor.java:1144)
 java.base/java.util.concurrent.ThreadPoolExecutor$Worker.run(ThreadPoolExecutor.java:642)
 java.base/java.lang.Thread.run(Thread.java:1583)
09-Mar-2024 13:28:33.124 INFO [main] org.apache.coyote.AbstractProtocol.stop Stopping ProtocolHandler ["http-nio-8080"]
09-Mar-2024 13:28:33.141 INFO [main] org.apache.coyote.AbstractProtocol.destroy Destroying ProtocolHandler ["http-nio-8080"]
